ARM GAS  C:\Users\bertz\AppData\Local\Temp\ccI3B9cc.s 			page 1


   1              		.cpu cortex-m3
   2              		.eabi_attribute 20, 1
   3              		.eabi_attribute 21, 1
   4              		.eabi_attribute 23, 3
   5              		.eabi_attribute 24, 1
   6              		.eabi_attribute 25, 1
   7              		.eabi_attribute 26, 1
   8              		.eabi_attribute 30, 1
   9              		.eabi_attribute 34, 1
  10              		.eabi_attribute 18, 4
  11              		.file	"dma.c"
  12              		.text
  13              	.Ltext0:
  14              		.cfi_sections	.debug_frame
  15              		.section	.text.MX_DMA_Init,"ax",%progbits
  16              		.align	1
  17              		.global	MX_DMA_Init
  18              		.syntax unified
  19              		.thumb
  20              		.thumb_func
  21              		.fpu softvfp
  23              	MX_DMA_Init:
  24              	.LFB66:
  25              		.file 1 "Core/Src/dma.c"
   1:Core/Src/dma.c **** /**
   2:Core/Src/dma.c ****   ******************************************************************************
   3:Core/Src/dma.c ****   * File Name          : dma.c
   4:Core/Src/dma.c ****   * Description        : This file provides code for the configuration
   5:Core/Src/dma.c ****   *                      of all the requested memory to memory DMA transfers.
   6:Core/Src/dma.c ****   ******************************************************************************
   7:Core/Src/dma.c ****   * This notice applies to any and all portions of this file
   8:Core/Src/dma.c ****   * that are not between comment pairs USER CODE BEGIN and
   9:Core/Src/dma.c ****   * USER CODE END. Other portions of this file, whether 
  10:Core/Src/dma.c ****   * inserted by the user or by software development tools
  11:Core/Src/dma.c ****   * are owned by their respective copyright owners.
  12:Core/Src/dma.c ****   *
  13:Core/Src/dma.c ****   * Copyright (c) 2018 STMicroelectronics International N.V. 
  14:Core/Src/dma.c ****   * All rights reserved.
  15:Core/Src/dma.c ****   *
  16:Core/Src/dma.c ****   * Redistribution and use in source and binary forms, with or without 
  17:Core/Src/dma.c ****   * modification, are permitted, provided that the following conditions are met:
  18:Core/Src/dma.c ****   *
  19:Core/Src/dma.c ****   * 1. Redistribution of source code must retain the above copyright notice, 
  20:Core/Src/dma.c ****   *    this list of conditions and the following disclaimer.
  21:Core/Src/dma.c ****   * 2. Redistributions in binary form must reproduce the above copyright notice,
  22:Core/Src/dma.c ****   *    this list of conditions and the following disclaimer in the documentation
  23:Core/Src/dma.c ****   *    and/or other materials provided with the distribution.
  24:Core/Src/dma.c ****   * 3. Neither the name of STMicroelectronics nor the names of other 
  25:Core/Src/dma.c ****   *    contributors to this software may be used to endorse or promote products 
  26:Core/Src/dma.c ****   *    derived from this software without specific written permission.
  27:Core/Src/dma.c ****   * 4. This software, including modifications and/or derivative works of this 
  28:Core/Src/dma.c ****   *    software, must execute solely and exclusively on microcontroller or
  29:Core/Src/dma.c ****   *    microprocessor devices manufactured by or for STMicroelectronics.
  30:Core/Src/dma.c ****   * 5. Redistribution and use of this software other than as permitted under 
  31:Core/Src/dma.c ****   *    this license is void and will automatically terminate your rights under 
  32:Core/Src/dma.c ****   *    this license. 
  33:Core/Src/dma.c ****   *
ARM GAS  C:\Users\bertz\AppData\Local\Temp\ccI3B9cc.s 			page 2


  34:Core/Src/dma.c ****   * THIS SOFTWARE IS PROVIDED BY STMICROELECTRONICS AND CONTRIBUTORS "AS IS" 
  35:Core/Src/dma.c ****   * AND ANY EXPRESS, IMPLIED OR STATUTORY WARRANTIES, INCLUDING, BUT NOT 
  36:Core/Src/dma.c ****   * LIMITED TO, THE IMPLIED WARRANTIES OF MERCHANTABILITY, FITNESS FOR A 
  37:Core/Src/dma.c ****   * PARTICULAR PURPOSE AND NON-INFRINGEMENT OF THIRD PARTY INTELLECTUAL PROPERTY
  38:Core/Src/dma.c ****   * RIGHTS ARE DISCLAIMED TO THE FULLEST EXTENT PERMITTED BY LAW. IN NO EVENT 
  39:Core/Src/dma.c ****   * SHALL STMICROELECTRONICS OR CONTRIBUTORS BE LIABLE FOR ANY DIRECT, INDIRECT,
  40:Core/Src/dma.c ****   * INCIDENTAL, SPECIAL, EXEMPLARY, OR CONSEQUENTIAL DAMAGES (INCLUDING, BUT NOT
  41:Core/Src/dma.c ****   * LIMITED TO, PROCUREMENT OF SUBSTITUTE GOODS OR SERVICES; LOSS OF USE, DATA, 
  42:Core/Src/dma.c ****   * OR PROFITS; OR BUSINESS INTERRUPTION) HOWEVER CAUSED AND ON ANY THEORY OF 
  43:Core/Src/dma.c ****   * LIABILITY, WHETHER IN CONTRACT, STRICT LIABILITY, OR TORT (INCLUDING 
  44:Core/Src/dma.c ****   * NEGLIGENCE OR OTHERWISE) ARISING IN ANY WAY OUT OF THE USE OF THIS SOFTWARE,
  45:Core/Src/dma.c ****   * EVEN IF ADVISED OF THE POSSIBILITY OF SUCH DAMAGE.
  46:Core/Src/dma.c ****   *
  47:Core/Src/dma.c ****   ******************************************************************************
  48:Core/Src/dma.c ****   */
  49:Core/Src/dma.c **** /* Includes ------------------------------------------------------------------*/
  50:Core/Src/dma.c **** #include "dma.h"
  51:Core/Src/dma.c **** 
  52:Core/Src/dma.c **** /* USER CODE BEGIN 0 */
  53:Core/Src/dma.c **** 
  54:Core/Src/dma.c **** /* USER CODE END 0 */
  55:Core/Src/dma.c **** 
  56:Core/Src/dma.c **** /*----------------------------------------------------------------------------*/
  57:Core/Src/dma.c **** /* Configure DMA                                                              */
  58:Core/Src/dma.c **** /*----------------------------------------------------------------------------*/
  59:Core/Src/dma.c **** 
  60:Core/Src/dma.c **** /* USER CODE BEGIN 1 */
  61:Core/Src/dma.c **** 
  62:Core/Src/dma.c **** /* USER CODE END 1 */
  63:Core/Src/dma.c **** 
  64:Core/Src/dma.c **** /** 
  65:Core/Src/dma.c ****   * Enable DMA controller clock
  66:Core/Src/dma.c ****   */
  67:Core/Src/dma.c **** void MX_DMA_Init(void) 
  68:Core/Src/dma.c **** {
  26              		.loc 1 68 0
  27              		.cfi_startproc
  28              		@ args = 0, pretend = 0, frame = 8
  29              		@ frame_needed = 0, uses_anonymous_args = 0
  30              		@ link register save eliminated.
  31 0000 82B0     		sub	sp, sp, #8
  32              	.LCFI0:
  33              		.cfi_def_cfa_offset 8
  34              	.LBB2:
  69:Core/Src/dma.c ****   /* DMA controller clock enable */
  70:Core/Src/dma.c ****   __HAL_RCC_DMA1_CLK_ENABLE();
  35              		.loc 1 70 0
  36 0002 064B     		ldr	r3, .L3
  37 0004 5A69     		ldr	r2, [r3, #20]
  38 0006 42F00102 		orr	r2, r2, #1
  39 000a 5A61     		str	r2, [r3, #20]
  40 000c 5B69     		ldr	r3, [r3, #20]
  41 000e 03F00103 		and	r3, r3, #1
  42 0012 0193     		str	r3, [sp, #4]
  43 0014 019B     		ldr	r3, [sp, #4]
  44              	.LBE2:
  71:Core/Src/dma.c **** 
ARM GAS  C:\Users\bertz\AppData\Local\Temp\ccI3B9cc.s 			page 3


  72:Core/Src/dma.c **** }
  45              		.loc 1 72 0
  46 0016 02B0     		add	sp, sp, #8
  47              	.LCFI1:
  48              		.cfi_def_cfa_offset 0
  49              		@ sp needed
  50 0018 7047     		bx	lr
  51              	.L4:
  52 001a 00BF     		.align	2
  53              	.L3:
  54 001c 00100240 		.word	1073876992
  55              		.cfi_endproc
  56              	.LFE66:
  58              		.text
  59              	.Letext0:
  60              		.file 2 "c:\\program files (x86)\\gnu tools arm embedded\\7 2018-q2-update\\arm-none-eabi\\include
  61              		.file 3 "c:\\program files (x86)\\gnu tools arm embedded\\7 2018-q2-update\\arm-none-eabi\\include
  62              		.file 4 "Drivers/CMSIS/Include/core_cm3.h"
  63              		.file 5 "Drivers/CMSIS/Device/ST/STM32F1xx/Include/system_stm32f1xx.h"
  64              		.file 6 "Drivers/CMSIS/Device/ST/STM32F1xx/Include/stm32f103xe.h"
  65              		.file 7 "c:\\program files (x86)\\gnu tools arm embedded\\7 2018-q2-update\\arm-none-eabi\\include
  66              		.file 8 "c:\\program files (x86)\\gnu tools arm embedded\\7 2018-q2-update\\arm-none-eabi\\include
  67              		.file 9 "c:\\program files (x86)\\gnu tools arm embedded\\7 2018-q2-update\\lib\\gcc\\arm-none-eab
  68              		.file 10 "c:\\program files (x86)\\gnu tools arm embedded\\7 2018-q2-update\\arm-none-eabi\\includ
ARM GAS  C:\Users\bertz\AppData\Local\Temp\ccI3B9cc.s 			page 4


DEFINED SYMBOLS
                            *ABS*:00000000 dma.c
C:\Users\bertz\AppData\Local\Temp\ccI3B9cc.s:16     .text.MX_DMA_Init:00000000 $t
C:\Users\bertz\AppData\Local\Temp\ccI3B9cc.s:23     .text.MX_DMA_Init:00000000 MX_DMA_Init
C:\Users\bertz\AppData\Local\Temp\ccI3B9cc.s:54     .text.MX_DMA_Init:0000001c $d

NO UNDEFINED SYMBOLS
