ARM GAS  C:\Users\bertz\AppData\Local\Temp\cc64cWbx.s 			page 1


   1              		.cpu cortex-m3
   2              		.eabi_attribute 20, 1
   3              		.eabi_attribute 21, 1
   4              		.eabi_attribute 23, 3
   5              		.eabi_attribute 24, 1
   6              		.eabi_attribute 25, 1
   7              		.eabi_attribute 26, 1
   8              		.eabi_attribute 30, 1
   9              		.eabi_attribute 34, 1
  10              		.eabi_attribute 18, 4
  11              		.file	"gpio.c"
  12              		.text
  13              	.Ltext0:
  14              		.cfi_sections	.debug_frame
  15              		.section	.text.MX_GPIO_Init,"ax",%progbits
  16              		.align	1
  17              		.global	MX_GPIO_Init
  18              		.syntax unified
  19              		.thumb
  20              		.thumb_func
  21              		.fpu softvfp
  23              	MX_GPIO_Init:
  24              	.LFB66:
  25              		.file 1 "Core/Src/gpio.c"
   1:Core/Src/gpio.c **** /**
   2:Core/Src/gpio.c ****   ******************************************************************************
   3:Core/Src/gpio.c ****   * File Name          : gpio.c
   4:Core/Src/gpio.c ****   * Description        : This file provides code for the configuration
   5:Core/Src/gpio.c ****   *                      of all used GPIO pins.
   6:Core/Src/gpio.c ****   ******************************************************************************
   7:Core/Src/gpio.c ****   * This notice applies to any and all portions of this file
   8:Core/Src/gpio.c ****   * that are not between comment pairs USER CODE BEGIN and
   9:Core/Src/gpio.c ****   * USER CODE END. Other portions of this file, whether 
  10:Core/Src/gpio.c ****   * inserted by the user or by software development tools
  11:Core/Src/gpio.c ****   * are owned by their respective copyright owners.
  12:Core/Src/gpio.c ****   *
  13:Core/Src/gpio.c ****   * Copyright (c) 2018 STMicroelectronics International N.V. 
  14:Core/Src/gpio.c ****   * All rights reserved.
  15:Core/Src/gpio.c ****   *
  16:Core/Src/gpio.c ****   * Redistribution and use in source and binary forms, with or without 
  17:Core/Src/gpio.c ****   * modification, are permitted, provided that the following conditions are met:
  18:Core/Src/gpio.c ****   *
  19:Core/Src/gpio.c ****   * 1. Redistribution of source code must retain the above copyright notice, 
  20:Core/Src/gpio.c ****   *    this list of conditions and the following disclaimer.
  21:Core/Src/gpio.c ****   * 2. Redistributions in binary form must reproduce the above copyright notice,
  22:Core/Src/gpio.c ****   *    this list of conditions and the following disclaimer in the documentation
  23:Core/Src/gpio.c ****   *    and/or other materials provided with the distribution.
  24:Core/Src/gpio.c ****   * 3. Neither the name of STMicroelectronics nor the names of other 
  25:Core/Src/gpio.c ****   *    contributors to this software may be used to endorse or promote products 
  26:Core/Src/gpio.c ****   *    derived from this software without specific written permission.
  27:Core/Src/gpio.c ****   * 4. This software, including modifications and/or derivative works of this 
  28:Core/Src/gpio.c ****   *    software, must execute solely and exclusively on microcontroller or
  29:Core/Src/gpio.c ****   *    microprocessor devices manufactured by or for STMicroelectronics.
  30:Core/Src/gpio.c ****   * 5. Redistribution and use of this software other than as permitted under 
  31:Core/Src/gpio.c ****   *    this license is void and will automatically terminate your rights under 
  32:Core/Src/gpio.c ****   *    this license. 
  33:Core/Src/gpio.c ****   *
ARM GAS  C:\Users\bertz\AppData\Local\Temp\cc64cWbx.s 			page 2


  34:Core/Src/gpio.c ****   * THIS SOFTWARE IS PROVIDED BY STMICROELECTRONICS AND CONTRIBUTORS "AS IS" 
  35:Core/Src/gpio.c ****   * AND ANY EXPRESS, IMPLIED OR STATUTORY WARRANTIES, INCLUDING, BUT NOT 
  36:Core/Src/gpio.c ****   * LIMITED TO, THE IMPLIED WARRANTIES OF MERCHANTABILITY, FITNESS FOR A 
  37:Core/Src/gpio.c ****   * PARTICULAR PURPOSE AND NON-INFRINGEMENT OF THIRD PARTY INTELLECTUAL PROPERTY
  38:Core/Src/gpio.c ****   * RIGHTS ARE DISCLAIMED TO THE FULLEST EXTENT PERMITTED BY LAW. IN NO EVENT 
  39:Core/Src/gpio.c ****   * SHALL STMICROELECTRONICS OR CONTRIBUTORS BE LIABLE FOR ANY DIRECT, INDIRECT,
  40:Core/Src/gpio.c ****   * INCIDENTAL, SPECIAL, EXEMPLARY, OR CONSEQUENTIAL DAMAGES (INCLUDING, BUT NOT
  41:Core/Src/gpio.c ****   * LIMITED TO, PROCUREMENT OF SUBSTITUTE GOODS OR SERVICES; LOSS OF USE, DATA, 
  42:Core/Src/gpio.c ****   * OR PROFITS; OR BUSINESS INTERRUPTION) HOWEVER CAUSED AND ON ANY THEORY OF 
  43:Core/Src/gpio.c ****   * LIABILITY, WHETHER IN CONTRACT, STRICT LIABILITY, OR TORT (INCLUDING 
  44:Core/Src/gpio.c ****   * NEGLIGENCE OR OTHERWISE) ARISING IN ANY WAY OUT OF THE USE OF THIS SOFTWARE,
  45:Core/Src/gpio.c ****   * EVEN IF ADVISED OF THE POSSIBILITY OF SUCH DAMAGE.
  46:Core/Src/gpio.c ****   *
  47:Core/Src/gpio.c ****   ******************************************************************************
  48:Core/Src/gpio.c ****   */
  49:Core/Src/gpio.c **** 
  50:Core/Src/gpio.c **** /* Includes ------------------------------------------------------------------*/
  51:Core/Src/gpio.c **** #include "gpio.h"
  52:Core/Src/gpio.c **** /* USER CODE BEGIN 0 */
  53:Core/Src/gpio.c **** 
  54:Core/Src/gpio.c **** /* USER CODE END 0 */
  55:Core/Src/gpio.c **** 
  56:Core/Src/gpio.c **** /*----------------------------------------------------------------------------*/
  57:Core/Src/gpio.c **** /* Configure GPIO                                                             */
  58:Core/Src/gpio.c **** /*----------------------------------------------------------------------------*/
  59:Core/Src/gpio.c **** /* USER CODE BEGIN 1 */
  60:Core/Src/gpio.c **** 
  61:Core/Src/gpio.c **** /* USER CODE END 1 */
  62:Core/Src/gpio.c **** 
  63:Core/Src/gpio.c **** /** Configure pins as 
  64:Core/Src/gpio.c ****         * Analog 
  65:Core/Src/gpio.c ****         * Input 
  66:Core/Src/gpio.c ****         * Output
  67:Core/Src/gpio.c ****         * EVENT_OUT
  68:Core/Src/gpio.c ****         * EXTI
  69:Core/Src/gpio.c **** */
  70:Core/Src/gpio.c **** void MX_GPIO_Init(void)
  71:Core/Src/gpio.c **** {
  26              		.loc 1 71 0
  27              		.cfi_startproc
  28              		@ args = 0, pretend = 0, frame = 32
  29              		@ frame_needed = 0, uses_anonymous_args = 0
  30 0000 2DE9F041 		push	{r4, r5, r6, r7, r8, lr}
  31              	.LCFI0:
  32              		.cfi_def_cfa_offset 24
  33              		.cfi_offset 4, -24
  34              		.cfi_offset 5, -20
  35              		.cfi_offset 6, -16
  36              		.cfi_offset 7, -12
  37              		.cfi_offset 8, -8
  38              		.cfi_offset 14, -4
  39 0004 88B0     		sub	sp, sp, #32
  40              	.LCFI1:
  41              		.cfi_def_cfa_offset 56
  42              	.LBB2:
  72:Core/Src/gpio.c **** 
  73:Core/Src/gpio.c ****   GPIO_InitTypeDef GPIO_InitStruct;
ARM GAS  C:\Users\bertz\AppData\Local\Temp\cc64cWbx.s 			page 3


  74:Core/Src/gpio.c **** 
  75:Core/Src/gpio.c ****   /* GPIO Ports Clock Enable */
  76:Core/Src/gpio.c ****   __HAL_RCC_GPIOC_CLK_ENABLE();
  43              		.loc 1 76 0
  44 0006 2C4B     		ldr	r3, .L3
  45 0008 9A69     		ldr	r2, [r3, #24]
  46 000a 42F01002 		orr	r2, r2, #16
  47 000e 9A61     		str	r2, [r3, #24]
  48 0010 9A69     		ldr	r2, [r3, #24]
  49 0012 02F01002 		and	r2, r2, #16
  50 0016 0092     		str	r2, [sp]
  51 0018 009A     		ldr	r2, [sp]
  52              	.LBE2:
  53              	.LBB3:
  77:Core/Src/gpio.c ****   __HAL_RCC_GPIOD_CLK_ENABLE();
  54              		.loc 1 77 0
  55 001a 9A69     		ldr	r2, [r3, #24]
  56 001c 42F02002 		orr	r2, r2, #32
  57 0020 9A61     		str	r2, [r3, #24]
  58 0022 9A69     		ldr	r2, [r3, #24]
  59 0024 02F02002 		and	r2, r2, #32
  60 0028 0192     		str	r2, [sp, #4]
  61 002a 019A     		ldr	r2, [sp, #4]
  62              	.LBE3:
  63              	.LBB4:
  78:Core/Src/gpio.c ****   __HAL_RCC_GPIOA_CLK_ENABLE();
  64              		.loc 1 78 0
  65 002c 9A69     		ldr	r2, [r3, #24]
  66 002e 42F00402 		orr	r2, r2, #4
  67 0032 9A61     		str	r2, [r3, #24]
  68 0034 9A69     		ldr	r2, [r3, #24]
  69 0036 02F00402 		and	r2, r2, #4
  70 003a 0292     		str	r2, [sp, #8]
  71 003c 029A     		ldr	r2, [sp, #8]
  72              	.LBE4:
  73              	.LBB5:
  79:Core/Src/gpio.c ****   __HAL_RCC_GPIOB_CLK_ENABLE();
  74              		.loc 1 79 0
  75 003e 9A69     		ldr	r2, [r3, #24]
  76 0040 42F00802 		orr	r2, r2, #8
  77 0044 9A61     		str	r2, [r3, #24]
  78 0046 9B69     		ldr	r3, [r3, #24]
  79 0048 03F00803 		and	r3, r3, #8
  80 004c 0393     		str	r3, [sp, #12]
  81 004e 039B     		ldr	r3, [sp, #12]
  82              	.LBE5:
  80:Core/Src/gpio.c **** 
  81:Core/Src/gpio.c ****   /*Configure GPIO pin Output Level */
  82:Core/Src/gpio.c ****   HAL_GPIO_WritePin(GPIOC, CommunicationLED_Pin|CTR485B_EN_Pin|CTR485A_EN_Pin|MCU_DS18B20_Pin, GPIO
  83              		.loc 1 82 0
  84 0050 1A4D     		ldr	r5, .L3+4
  85 0052 0022     		movs	r2, #0
  86 0054 42F24301 		movw	r1, #8259
  87 0058 2846     		mov	r0, r5
  88 005a FFF7FEFF 		bl	HAL_GPIO_WritePin
  89              	.LVL0:
  83:Core/Src/gpio.c **** 
ARM GAS  C:\Users\bertz\AppData\Local\Temp\cc64cWbx.s 			page 4


  84:Core/Src/gpio.c ****   /*Configure GPIO pin Output Level */
  85:Core/Src/gpio.c ****   HAL_GPIO_WritePin(GPIOB, MCUAtmosphereLEDR_Pin|MCUAtmosphereLEDG_Pin|GPIO_PIN_5|GPIO_PIN_6 
  90              		.loc 1 85 0
  91 005e 184E     		ldr	r6, .L3+8
  92 0060 0022     		movs	r2, #0
  93 0062 43F26021 		movw	r1, #12896
  94 0066 3046     		mov	r0, r6
  95 0068 FFF7FEFF 		bl	HAL_GPIO_WritePin
  96              	.LVL1:
  86:Core/Src/gpio.c ****                           |GPIO_PIN_9, GPIO_PIN_RESET);
  87:Core/Src/gpio.c **** 
  88:Core/Src/gpio.c ****   /*Configure GPIO pins : PCPin PCPin PCPin PCPin */
  89:Core/Src/gpio.c ****   GPIO_InitStruct.Pin = CommunicationLED_Pin|CTR485B_EN_Pin|CTR485A_EN_Pin|MCU_DS18B20_Pin;
  97              		.loc 1 89 0
  98 006c 42F24303 		movw	r3, #8259
  99 0070 0493     		str	r3, [sp, #16]
  90:Core/Src/gpio.c ****   GPIO_InitStruct.Mode = GPIO_MODE_OUTPUT_PP;
 100              		.loc 1 90 0
 101 0072 4FF00108 		mov	r8, #1
 102 0076 CDF81480 		str	r8, [sp, #20]
  91:Core/Src/gpio.c ****   GPIO_InitStruct.Pull = GPIO_NOPULL;
 103              		.loc 1 91 0
 104 007a 0024     		movs	r4, #0
 105 007c 0694     		str	r4, [sp, #24]
  92:Core/Src/gpio.c ****   GPIO_InitStruct.Speed = GPIO_SPEED_FREQ_LOW;
 106              		.loc 1 92 0
 107 007e 0227     		movs	r7, #2
 108 0080 0797     		str	r7, [sp, #28]
  93:Core/Src/gpio.c ****   HAL_GPIO_Init(GPIOC, &GPIO_InitStruct);
 109              		.loc 1 93 0
 110 0082 04A9     		add	r1, sp, #16
 111 0084 2846     		mov	r0, r5
 112 0086 FFF7FEFF 		bl	HAL_GPIO_Init
 113              	.LVL2:
  94:Core/Src/gpio.c **** 
  95:Core/Src/gpio.c ****   /*Configure GPIO pin : PtPin */
  96:Core/Src/gpio.c ****   GPIO_InitStruct.Pin = GentleSensor_Pin;
 114              		.loc 1 96 0
 115 008a 1023     		movs	r3, #16
 116 008c 0493     		str	r3, [sp, #16]
  97:Core/Src/gpio.c ****   GPIO_InitStruct.Mode = GPIO_MODE_IT_RISING;
 117              		.loc 1 97 0
 118 008e 0D4B     		ldr	r3, .L3+12
 119 0090 0593     		str	r3, [sp, #20]
  98:Core/Src/gpio.c ****   GPIO_InitStruct.Pull = GPIO_NOPULL;
 120              		.loc 1 98 0
 121 0092 0694     		str	r4, [sp, #24]
  99:Core/Src/gpio.c ****   HAL_GPIO_Init(GentleSensor_GPIO_Port, &GPIO_InitStruct);
 122              		.loc 1 99 0
 123 0094 04A9     		add	r1, sp, #16
 124 0096 2846     		mov	r0, r5
 125 0098 FFF7FEFF 		bl	HAL_GPIO_Init
 126              	.LVL3:
 100:Core/Src/gpio.c **** 
 101:Core/Src/gpio.c ****   /*Configure GPIO pins : PBPin PBPin PB5 PB6 
 102:Core/Src/gpio.c ****                            PB9 */
 103:Core/Src/gpio.c ****   GPIO_InitStruct.Pin = MCUAtmosphereLEDR_Pin|MCUAtmosphereLEDG_Pin|GPIO_PIN_5|GPIO_PIN_6 
ARM GAS  C:\Users\bertz\AppData\Local\Temp\cc64cWbx.s 			page 5


 127              		.loc 1 103 0
 128 009c 43F26023 		movw	r3, #12896
 129 00a0 0493     		str	r3, [sp, #16]
 104:Core/Src/gpio.c ****                           |GPIO_PIN_9;
 105:Core/Src/gpio.c ****   GPIO_InitStruct.Mode = GPIO_MODE_OUTPUT_PP;
 130              		.loc 1 105 0
 131 00a2 CDF81480 		str	r8, [sp, #20]
 106:Core/Src/gpio.c ****   GPIO_InitStruct.Pull = GPIO_NOPULL;
 132              		.loc 1 106 0
 133 00a6 0694     		str	r4, [sp, #24]
 107:Core/Src/gpio.c ****   GPIO_InitStruct.Speed = GPIO_SPEED_FREQ_LOW;
 134              		.loc 1 107 0
 135 00a8 0797     		str	r7, [sp, #28]
 108:Core/Src/gpio.c ****   HAL_GPIO_Init(GPIOB, &GPIO_InitStruct);
 136              		.loc 1 108 0
 137 00aa 04A9     		add	r1, sp, #16
 138 00ac 3046     		mov	r0, r6
 139 00ae FFF7FEFF 		bl	HAL_GPIO_Init
 140              	.LVL4:
 109:Core/Src/gpio.c **** 
 110:Core/Src/gpio.c **** }
 141              		.loc 1 110 0
 142 00b2 08B0     		add	sp, sp, #32
 143              	.LCFI2:
 144              		.cfi_def_cfa_offset 24
 145              		@ sp needed
 146 00b4 BDE8F081 		pop	{r4, r5, r6, r7, r8, pc}
 147              	.L4:
 148              		.align	2
 149              	.L3:
 150 00b8 00100240 		.word	1073876992
 151 00bc 00100140 		.word	1073811456
 152 00c0 000C0140 		.word	1073810432
 153 00c4 00001110 		.word	269549568
 154              		.cfi_endproc
 155              	.LFE66:
 157              		.text
 158              	.Letext0:
 159              		.file 2 "c:\\program files (x86)\\gnu tools arm embedded\\7 2018-q2-update\\arm-none-eabi\\include
 160              		.file 3 "c:\\program files (x86)\\gnu tools arm embedded\\7 2018-q2-update\\arm-none-eabi\\include
 161              		.file 4 "Drivers/CMSIS/Include/core_cm3.h"
 162              		.file 5 "Drivers/CMSIS/Device/ST/STM32F1xx/Include/system_stm32f1xx.h"
 163              		.file 6 "Drivers/CMSIS/Device/ST/STM32F1xx/Include/stm32f103xe.h"
 164              		.file 7 "c:\\program files (x86)\\gnu tools arm embedded\\7 2018-q2-update\\arm-none-eabi\\include
 165              		.file 8 "c:\\program files (x86)\\gnu tools arm embedded\\7 2018-q2-update\\arm-none-eabi\\include
 166              		.file 9 "c:\\program files (x86)\\gnu tools arm embedded\\7 2018-q2-update\\lib\\gcc\\arm-none-eab
 167              		.file 10 "c:\\program files (x86)\\gnu tools arm embedded\\7 2018-q2-update\\arm-none-eabi\\includ
 168              		.file 11 "Drivers/STM32F1xx_HAL_Driver/Inc/stm32f1xx_hal_gpio.h"
ARM GAS  C:\Users\bertz\AppData\Local\Temp\cc64cWbx.s 			page 6


DEFINED SYMBOLS
                            *ABS*:00000000 gpio.c
C:\Users\bertz\AppData\Local\Temp\cc64cWbx.s:16     .text.MX_GPIO_Init:00000000 $t
C:\Users\bertz\AppData\Local\Temp\cc64cWbx.s:23     .text.MX_GPIO_Init:00000000 MX_GPIO_Init
C:\Users\bertz\AppData\Local\Temp\cc64cWbx.s:150    .text.MX_GPIO_Init:000000b8 $d

UNDEFINED SYMBOLS
HAL_GPIO_WritePin
HAL_GPIO_Init
