ARM GAS  C:\Users\bertz\AppData\Local\Temp\ccxFIR6D.s 			page 1


   1              		.cpu cortex-m3
   2              		.eabi_attribute 20, 1
   3              		.eabi_attribute 21, 1
   4              		.eabi_attribute 23, 3
   5              		.eabi_attribute 24, 1
   6              		.eabi_attribute 25, 1
   7              		.eabi_attribute 26, 1
   8              		.eabi_attribute 30, 1
   9              		.eabi_attribute 34, 1
  10              		.eabi_attribute 18, 4
  11              		.file	"syscalls.c"
  12              		.text
  13              	.Ltext0:
  14              		.cfi_sections	.debug_frame
  15              		.section	.text.__io_putchar,"ax",%progbits
  16              		.align	1
  17              		.global	__io_putchar
  18              		.syntax unified
  19              		.thumb
  20              		.thumb_func
  21              		.fpu softvfp
  23              	__io_putchar:
  24              	.LFB66:
  25              		.file 1 "Core/Src/syscalls.c"
   1:Core/Src/syscalls.c **** #include "stdio.h"
   2:Core/Src/syscalls.c **** #include "string.h"
   3:Core/Src/syscalls.c **** #include "stm32f1xx_hal.h"
   4:Core/Src/syscalls.c **** #include "usart.h"
   5:Core/Src/syscalls.c **** 
   6:Core/Src/syscalls.c **** int __io_putchar(int ch)
   7:Core/Src/syscalls.c **** {
  26              		.loc 1 7 0
  27              		.cfi_startproc
  28              		@ args = 0, pretend = 0, frame = 8
  29              		@ frame_needed = 0, uses_anonymous_args = 0
  30              	.LVL0:
  31 0000 00B5     		push	{lr}
  32              	.LCFI0:
  33              		.cfi_def_cfa_offset 4
  34              		.cfi_offset 14, -4
  35 0002 83B0     		sub	sp, sp, #12
  36              	.LCFI1:
  37              		.cfi_def_cfa_offset 16
  38 0004 02A9     		add	r1, sp, #8
  39 0006 41F8040D 		str	r0, [r1, #-4]!
   8:Core/Src/syscalls.c **** 	HAL_UART_Transmit(&huart1, (uint8_t *)&ch, 1, 0x000f);
  40              		.loc 1 8 0
  41 000a 0F23     		movs	r3, #15
  42 000c 0122     		movs	r2, #1
  43 000e 0348     		ldr	r0, .L3
  44              	.LVL1:
  45 0010 FFF7FEFF 		bl	HAL_UART_Transmit
  46              	.LVL2:
   9:Core/Src/syscalls.c **** 	return ch;
  10:Core/Src/syscalls.c **** }
  47              		.loc 1 10 0
  48 0014 0198     		ldr	r0, [sp, #4]
ARM GAS  C:\Users\bertz\AppData\Local\Temp\ccxFIR6D.s 			page 2


  49 0016 03B0     		add	sp, sp, #12
  50              	.LCFI2:
  51              		.cfi_def_cfa_offset 4
  52              		@ sp needed
  53 0018 5DF804FB 		ldr	pc, [sp], #4
  54              	.L4:
  55              		.align	2
  56              	.L3:
  57 001c 00000000 		.word	huart1
  58              		.cfi_endproc
  59              	.LFE66:
  61              		.section	.text._write,"ax",%progbits
  62              		.align	1
  63              		.global	_write
  64              		.syntax unified
  65              		.thumb
  66              		.thumb_func
  67              		.fpu softvfp
  69              	_write:
  70              	.LFB67:
  11:Core/Src/syscalls.c **** int _write(int file,char *ptr, int len)
  12:Core/Src/syscalls.c **** {
  71              		.loc 1 12 0
  72              		.cfi_startproc
  73              		@ args = 0, pretend = 0, frame = 0
  74              		@ frame_needed = 0, uses_anonymous_args = 0
  75              	.LVL3:
  76 0000 70B5     		push	{r4, r5, r6, lr}
  77              	.LCFI3:
  78              		.cfi_def_cfa_offset 16
  79              		.cfi_offset 4, -16
  80              		.cfi_offset 5, -12
  81              		.cfi_offset 6, -8
  82              		.cfi_offset 14, -4
  83 0002 1646     		mov	r6, r2
  84              	.LVL4:
  13:Core/Src/syscalls.c **** 	int DataIdx;
  14:Core/Src/syscalls.c **** 	for(DataIdx = 0; DataIdx < len;DataIdx++)
  85              		.loc 1 14 0
  86 0004 0024     		movs	r4, #0
  87 0006 05E0     		b	.L6
  88              	.LVL5:
  89              	.L7:
  15:Core/Src/syscalls.c **** 	{
  16:Core/Src/syscalls.c **** 		__io_putchar(*ptr++);
  90              		.loc 1 16 0 discriminator 3
  91 0008 4D1C     		adds	r5, r1, #1
  92              	.LVL6:
  93 000a 0878     		ldrb	r0, [r1]	@ zero_extendqisi2
  94 000c FFF7FEFF 		bl	__io_putchar
  95              	.LVL7:
  14:Core/Src/syscalls.c **** 	{
  96              		.loc 1 14 0 discriminator 3
  97 0010 0134     		adds	r4, r4, #1
  98              	.LVL8:
  99              		.loc 1 16 0 discriminator 3
 100 0012 2946     		mov	r1, r5
ARM GAS  C:\Users\bertz\AppData\Local\Temp\ccxFIR6D.s 			page 3


 101              	.LVL9:
 102              	.L6:
  14:Core/Src/syscalls.c **** 	{
 103              		.loc 1 14 0 discriminator 1
 104 0014 B442     		cmp	r4, r6
 105 0016 F7DB     		blt	.L7
  17:Core/Src/syscalls.c **** 	}
  18:Core/Src/syscalls.c **** 	return len;
  19:Core/Src/syscalls.c **** }
 106              		.loc 1 19 0
 107 0018 3046     		mov	r0, r6
 108 001a 70BD     		pop	{r4, r5, r6, pc}
 109              		.cfi_endproc
 110              	.LFE67:
 112              		.text
 113              	.Letext0:
 114              		.file 2 "c:\\program files (x86)\\gnu tools arm embedded\\7 2018-q2-update\\arm-none-eabi\\include
 115              		.file 3 "c:\\program files (x86)\\gnu tools arm embedded\\7 2018-q2-update\\arm-none-eabi\\include
 116              		.file 4 "c:\\program files (x86)\\gnu tools arm embedded\\7 2018-q2-update\\arm-none-eabi\\include
 117              		.file 5 "c:\\program files (x86)\\gnu tools arm embedded\\7 2018-q2-update\\lib\\gcc\\arm-none-eab
 118              		.file 6 "c:\\program files (x86)\\gnu tools arm embedded\\7 2018-q2-update\\arm-none-eabi\\include
 119              		.file 7 "c:\\program files (x86)\\gnu tools arm embedded\\7 2018-q2-update\\arm-none-eabi\\include
 120              		.file 8 "Drivers/CMSIS/Include/core_cm3.h"
 121              		.file 9 "Drivers/CMSIS/Device/ST/STM32F1xx/Include/system_stm32f1xx.h"
 122              		.file 10 "Drivers/CMSIS/Device/ST/STM32F1xx/Include/stm32f103xe.h"
 123              		.file 11 "Drivers/STM32F1xx_HAL_Driver/Inc/stm32f1xx_hal_def.h"
 124              		.file 12 "Drivers/STM32F1xx_HAL_Driver/Inc/stm32f1xx_hal_dma.h"
 125              		.file 13 "Drivers/STM32F1xx_HAL_Driver/Inc/stm32f1xx_hal_uart.h"
 126              		.file 14 "Core/Inc/usart.h"
ARM GAS  C:\Users\bertz\AppData\Local\Temp\ccxFIR6D.s 			page 4


DEFINED SYMBOLS
                            *ABS*:00000000 syscalls.c
C:\Users\bertz\AppData\Local\Temp\ccxFIR6D.s:16     .text.__io_putchar:00000000 $t
C:\Users\bertz\AppData\Local\Temp\ccxFIR6D.s:23     .text.__io_putchar:00000000 __io_putchar
C:\Users\bertz\AppData\Local\Temp\ccxFIR6D.s:57     .text.__io_putchar:0000001c $d
C:\Users\bertz\AppData\Local\Temp\ccxFIR6D.s:62     .text._write:00000000 $t
C:\Users\bertz\AppData\Local\Temp\ccxFIR6D.s:69     .text._write:00000000 _write

UNDEFINED SYMBOLS
HAL_UART_Transmit
huart1
