ARM GAS  C:\Users\bertz\AppData\Local\Temp\cc0AqvYb.s 			page 1


   1              		.cpu cortex-m3
   2              		.eabi_attribute 20, 1
   3              		.eabi_attribute 21, 1
   4              		.eabi_attribute 23, 3
   5              		.eabi_attribute 24, 1
   6              		.eabi_attribute 25, 1
   7              		.eabi_attribute 26, 1
   8              		.eabi_attribute 30, 1
   9              		.eabi_attribute 34, 1
  10              		.eabi_attribute 18, 4
  11              		.file	"usart.c"
  12              		.text
  13              	.Ltext0:
  14              		.cfi_sections	.debug_frame
  15              		.section	.text.MX_USART1_UART_Init,"ax",%progbits
  16              		.align	1
  17              		.global	MX_USART1_UART_Init
  18              		.syntax unified
  19              		.thumb
  20              		.thumb_func
  21              		.fpu softvfp
  23              	MX_USART1_UART_Init:
  24              	.LFB66:
  25              		.file 1 "Core/Src/usart.c"
   1:Core/Src/usart.c **** /**
   2:Core/Src/usart.c ****   ******************************************************************************
   3:Core/Src/usart.c ****   * File Name          : USART.c
   4:Core/Src/usart.c ****   * Description        : This file provides code for the configuration
   5:Core/Src/usart.c ****   *                      of the USART instances.
   6:Core/Src/usart.c ****   ******************************************************************************
   7:Core/Src/usart.c ****   * This notice applies to any and all portions of this file
   8:Core/Src/usart.c ****   * that are not between comment pairs USER CODE BEGIN and
   9:Core/Src/usart.c ****   * USER CODE END. Other portions of this file, whether 
  10:Core/Src/usart.c ****   * inserted by the user or by software development tools
  11:Core/Src/usart.c ****   * are owned by their respective copyright owners.
  12:Core/Src/usart.c ****   *
  13:Core/Src/usart.c ****   * Copyright (c) 2018 STMicroelectronics International N.V. 
  14:Core/Src/usart.c ****   * All rights reserved.
  15:Core/Src/usart.c ****   *
  16:Core/Src/usart.c ****   * Redistribution and use in source and binary forms, with or without 
  17:Core/Src/usart.c ****   * modification, are permitted, provided that the following conditions are met:
  18:Core/Src/usart.c ****   *
  19:Core/Src/usart.c ****   * 1. Redistribution of source code must retain the above copyright notice, 
  20:Core/Src/usart.c ****   *    this list of conditions and the following disclaimer.
  21:Core/Src/usart.c ****   * 2. Redistributions in binary form must reproduce the above copyright notice,
  22:Core/Src/usart.c ****   *    this list of conditions and the following disclaimer in the documentation
  23:Core/Src/usart.c ****   *    and/or other materials provided with the distribution.
  24:Core/Src/usart.c ****   * 3. Neither the name of STMicroelectronics nor the names of other 
  25:Core/Src/usart.c ****   *    contributors to this software may be used to endorse or promote products 
  26:Core/Src/usart.c ****   *    derived from this software without specific written permission.
  27:Core/Src/usart.c ****   * 4. This software, including modifications and/or derivative works of this 
  28:Core/Src/usart.c ****   *    software, must execute solely and exclusively on microcontroller or
  29:Core/Src/usart.c ****   *    microprocessor devices manufactured by or for STMicroelectronics.
  30:Core/Src/usart.c ****   * 5. Redistribution and use of this software other than as permitted under 
  31:Core/Src/usart.c ****   *    this license is void and will automatically terminate your rights under 
  32:Core/Src/usart.c ****   *    this license. 
  33:Core/Src/usart.c ****   *
ARM GAS  C:\Users\bertz\AppData\Local\Temp\cc0AqvYb.s 			page 2


  34:Core/Src/usart.c ****   * THIS SOFTWARE IS PROVIDED BY STMICROELECTRONICS AND CONTRIBUTORS "AS IS" 
  35:Core/Src/usart.c ****   * AND ANY EXPRESS, IMPLIED OR STATUTORY WARRANTIES, INCLUDING, BUT NOT 
  36:Core/Src/usart.c ****   * LIMITED TO, THE IMPLIED WARRANTIES OF MERCHANTABILITY, FITNESS FOR A 
  37:Core/Src/usart.c ****   * PARTICULAR PURPOSE AND NON-INFRINGEMENT OF THIRD PARTY INTELLECTUAL PROPERTY
  38:Core/Src/usart.c ****   * RIGHTS ARE DISCLAIMED TO THE FULLEST EXTENT PERMITTED BY LAW. IN NO EVENT 
  39:Core/Src/usart.c ****   * SHALL STMICROELECTRONICS OR CONTRIBUTORS BE LIABLE FOR ANY DIRECT, INDIRECT,
  40:Core/Src/usart.c ****   * INCIDENTAL, SPECIAL, EXEMPLARY, OR CONSEQUENTIAL DAMAGES (INCLUDING, BUT NOT
  41:Core/Src/usart.c ****   * LIMITED TO, PROCUREMENT OF SUBSTITUTE GOODS OR SERVICES; LOSS OF USE, DATA, 
  42:Core/Src/usart.c ****   * OR PROFITS; OR BUSINESS INTERRUPTION) HOWEVER CAUSED AND ON ANY THEORY OF 
  43:Core/Src/usart.c ****   * LIABILITY, WHETHER IN CONTRACT, STRICT LIABILITY, OR TORT (INCLUDING 
  44:Core/Src/usart.c ****   * NEGLIGENCE OR OTHERWISE) ARISING IN ANY WAY OUT OF THE USE OF THIS SOFTWARE,
  45:Core/Src/usart.c ****   * EVEN IF ADVISED OF THE POSSIBILITY OF SUCH DAMAGE.
  46:Core/Src/usart.c ****   *
  47:Core/Src/usart.c ****   ******************************************************************************
  48:Core/Src/usart.c ****   */
  49:Core/Src/usart.c **** 
  50:Core/Src/usart.c **** /* Includes ------------------------------------------------------------------*/
  51:Core/Src/usart.c **** #include "usart.h"
  52:Core/Src/usart.c **** 
  53:Core/Src/usart.c **** #include "gpio.h"
  54:Core/Src/usart.c **** #include "dma.h"
  55:Core/Src/usart.c **** 
  56:Core/Src/usart.c **** /* USER CODE BEGIN 0 */
  57:Core/Src/usart.c **** uint8_t CoreBoardReceiveBuff[RXBUFFERSIZE];
  58:Core/Src/usart.c **** uint8_t CoreBoardReceiveInfo[RXBUFFERSIZE];
  59:Core/Src/usart.c **** uint8_t	CoreBoardRx_BufferLen;
  60:Core/Src/usart.c **** uint8_t CoreBoardRx_InfoLen;
  61:Core/Src/usart.c **** uint8_t BSPABoardReceiveBuff[RXBUFFERSIZE];
  62:Core/Src/usart.c **** uint8_t BSPABoardReceiveInfo[RXBUFFERSIZE];
  63:Core/Src/usart.c **** uint8_t	BSPABoardRx_BufferLen;
  64:Core/Src/usart.c **** uint8_t BSPABoardRx_InfoLen;
  65:Core/Src/usart.c **** uint8_t BSPBBoardReceiveBuff[RXBUFFERSIZE];
  66:Core/Src/usart.c **** uint8_t BSPBBoardReceiveInfo[RXBUFFERSIZE];
  67:Core/Src/usart.c **** uint8_t	BSPBBoardRx_BufferLen;
  68:Core/Src/usart.c **** uint8_t BSPBBoardRx_InfoLen;
  69:Core/Src/usart.c **** 
  70:Core/Src/usart.c **** /* USER CODE END 0 */
  71:Core/Src/usart.c **** 
  72:Core/Src/usart.c **** UART_HandleTypeDef huart1;
  73:Core/Src/usart.c **** UART_HandleTypeDef huart2;
  74:Core/Src/usart.c **** UART_HandleTypeDef huart3;
  75:Core/Src/usart.c **** DMA_HandleTypeDef hdma_usart1_rx;
  76:Core/Src/usart.c **** DMA_HandleTypeDef hdma_usart2_rx;
  77:Core/Src/usart.c **** DMA_HandleTypeDef hdma_usart3_rx;
  78:Core/Src/usart.c **** 
  79:Core/Src/usart.c **** /* USART1 init function */
  80:Core/Src/usart.c **** 
  81:Core/Src/usart.c **** void MX_USART1_UART_Init(void)
  82:Core/Src/usart.c **** {
  26              		.loc 1 82 0
  27              		.cfi_startproc
  28              		@ args = 0, pretend = 0, frame = 0
  29              		@ frame_needed = 0, uses_anonymous_args = 0
  30 0000 08B5     		push	{r3, lr}
  31              	.LCFI0:
  32              		.cfi_def_cfa_offset 8
  33              		.cfi_offset 3, -8
ARM GAS  C:\Users\bertz\AppData\Local\Temp\cc0AqvYb.s 			page 3


  34              		.cfi_offset 14, -4
  83:Core/Src/usart.c **** 
  84:Core/Src/usart.c ****   huart1.Instance = USART1;
  35              		.loc 1 84 0
  36 0002 0B48     		ldr	r0, .L5
  37 0004 0B4B     		ldr	r3, .L5+4
  38 0006 0360     		str	r3, [r0]
  85:Core/Src/usart.c ****   huart1.Init.BaudRate = 115200;
  39              		.loc 1 85 0
  40 0008 4FF4E133 		mov	r3, #115200
  41 000c 4360     		str	r3, [r0, #4]
  86:Core/Src/usart.c ****   huart1.Init.WordLength = UART_WORDLENGTH_8B;
  42              		.loc 1 86 0
  43 000e 0023     		movs	r3, #0
  44 0010 8360     		str	r3, [r0, #8]
  87:Core/Src/usart.c ****   huart1.Init.StopBits = UART_STOPBITS_1;
  45              		.loc 1 87 0
  46 0012 C360     		str	r3, [r0, #12]
  88:Core/Src/usart.c ****   huart1.Init.Parity = UART_PARITY_NONE;
  47              		.loc 1 88 0
  48 0014 0361     		str	r3, [r0, #16]
  89:Core/Src/usart.c ****   huart1.Init.Mode = UART_MODE_TX_RX;
  49              		.loc 1 89 0
  50 0016 0C22     		movs	r2, #12
  51 0018 4261     		str	r2, [r0, #20]
  90:Core/Src/usart.c ****   huart1.Init.HwFlowCtl = UART_HWCONTROL_NONE;
  52              		.loc 1 90 0
  53 001a 8361     		str	r3, [r0, #24]
  91:Core/Src/usart.c ****   huart1.Init.OverSampling = UART_OVERSAMPLING_16;
  54              		.loc 1 91 0
  55 001c C361     		str	r3, [r0, #28]
  92:Core/Src/usart.c ****   if (HAL_UART_Init(&huart1) != HAL_OK)
  56              		.loc 1 92 0
  57 001e FFF7FEFF 		bl	HAL_UART_Init
  58              	.LVL0:
  59 0022 00B9     		cbnz	r0, .L4
  60              	.L1:
  93:Core/Src/usart.c ****   {
  94:Core/Src/usart.c ****     _Error_Handler(__FILE__, __LINE__);
  95:Core/Src/usart.c ****   }
  96:Core/Src/usart.c **** 
  97:Core/Src/usart.c **** }
  61              		.loc 1 97 0
  62 0024 08BD     		pop	{r3, pc}
  63              	.L4:
  94:Core/Src/usart.c ****   }
  64              		.loc 1 94 0
  65 0026 5E21     		movs	r1, #94
  66 0028 0348     		ldr	r0, .L5+8
  67 002a FFF7FEFF 		bl	_Error_Handler
  68              	.LVL1:
  69              		.loc 1 97 0
  70 002e F9E7     		b	.L1
  71              	.L6:
  72              		.align	2
  73              	.L5:
  74 0030 00000000 		.word	huart1
ARM GAS  C:\Users\bertz\AppData\Local\Temp\cc0AqvYb.s 			page 4


  75 0034 00380140 		.word	1073821696
  76 0038 00000000 		.word	.LC0
  77              		.cfi_endproc
  78              	.LFE66:
  80              		.section	.text.MX_USART2_UART_Init,"ax",%progbits
  81              		.align	1
  82              		.global	MX_USART2_UART_Init
  83              		.syntax unified
  84              		.thumb
  85              		.thumb_func
  86              		.fpu softvfp
  88              	MX_USART2_UART_Init:
  89              	.LFB67:
  98:Core/Src/usart.c **** /* USART2 init function */
  99:Core/Src/usart.c **** 
 100:Core/Src/usart.c **** void MX_USART2_UART_Init(void)
 101:Core/Src/usart.c **** {
  90              		.loc 1 101 0
  91              		.cfi_startproc
  92              		@ args = 0, pretend = 0, frame = 0
  93              		@ frame_needed = 0, uses_anonymous_args = 0
  94 0000 08B5     		push	{r3, lr}
  95              	.LCFI1:
  96              		.cfi_def_cfa_offset 8
  97              		.cfi_offset 3, -8
  98              		.cfi_offset 14, -4
 102:Core/Src/usart.c **** 
 103:Core/Src/usart.c ****   huart2.Instance = USART2;
  99              		.loc 1 103 0
 100 0002 0B48     		ldr	r0, .L11
 101 0004 0B4B     		ldr	r3, .L11+4
 102 0006 0360     		str	r3, [r0]
 104:Core/Src/usart.c ****   huart2.Init.BaudRate = 115200;
 103              		.loc 1 104 0
 104 0008 4FF4E133 		mov	r3, #115200
 105 000c 4360     		str	r3, [r0, #4]
 105:Core/Src/usart.c ****   huart2.Init.WordLength = UART_WORDLENGTH_8B;
 106              		.loc 1 105 0
 107 000e 0023     		movs	r3, #0
 108 0010 8360     		str	r3, [r0, #8]
 106:Core/Src/usart.c ****   huart2.Init.StopBits = UART_STOPBITS_1;
 109              		.loc 1 106 0
 110 0012 C360     		str	r3, [r0, #12]
 107:Core/Src/usart.c ****   huart2.Init.Parity = UART_PARITY_NONE;
 111              		.loc 1 107 0
 112 0014 0361     		str	r3, [r0, #16]
 108:Core/Src/usart.c ****   huart2.Init.Mode = UART_MODE_TX_RX;
 113              		.loc 1 108 0
 114 0016 0C22     		movs	r2, #12
 115 0018 4261     		str	r2, [r0, #20]
 109:Core/Src/usart.c ****   huart2.Init.HwFlowCtl = UART_HWCONTROL_NONE;
 116              		.loc 1 109 0
 117 001a 8361     		str	r3, [r0, #24]
 110:Core/Src/usart.c ****   huart2.Init.OverSampling = UART_OVERSAMPLING_16;
 118              		.loc 1 110 0
 119 001c C361     		str	r3, [r0, #28]
 111:Core/Src/usart.c ****   if (HAL_UART_Init(&huart2) != HAL_OK)
ARM GAS  C:\Users\bertz\AppData\Local\Temp\cc0AqvYb.s 			page 5


 120              		.loc 1 111 0
 121 001e FFF7FEFF 		bl	HAL_UART_Init
 122              	.LVL2:
 123 0022 00B9     		cbnz	r0, .L10
 124              	.L7:
 112:Core/Src/usart.c ****   {
 113:Core/Src/usart.c ****     _Error_Handler(__FILE__, __LINE__);
 114:Core/Src/usart.c ****   }
 115:Core/Src/usart.c **** 
 116:Core/Src/usart.c **** }
 125              		.loc 1 116 0
 126 0024 08BD     		pop	{r3, pc}
 127              	.L10:
 113:Core/Src/usart.c ****   }
 128              		.loc 1 113 0
 129 0026 7121     		movs	r1, #113
 130 0028 0348     		ldr	r0, .L11+8
 131 002a FFF7FEFF 		bl	_Error_Handler
 132              	.LVL3:
 133              		.loc 1 116 0
 134 002e F9E7     		b	.L7
 135              	.L12:
 136              		.align	2
 137              	.L11:
 138 0030 00000000 		.word	huart2
 139 0034 00440040 		.word	1073759232
 140 0038 00000000 		.word	.LC0
 141              		.cfi_endproc
 142              	.LFE67:
 144              		.section	.text.MX_USART3_UART_Init,"ax",%progbits
 145              		.align	1
 146              		.global	MX_USART3_UART_Init
 147              		.syntax unified
 148              		.thumb
 149              		.thumb_func
 150              		.fpu softvfp
 152              	MX_USART3_UART_Init:
 153              	.LFB68:
 117:Core/Src/usart.c **** /* USART3 init function */
 118:Core/Src/usart.c **** 
 119:Core/Src/usart.c **** void MX_USART3_UART_Init(void)
 120:Core/Src/usart.c **** {
 154              		.loc 1 120 0
 155              		.cfi_startproc
 156              		@ args = 0, pretend = 0, frame = 0
 157              		@ frame_needed = 0, uses_anonymous_args = 0
 158 0000 08B5     		push	{r3, lr}
 159              	.LCFI2:
 160              		.cfi_def_cfa_offset 8
 161              		.cfi_offset 3, -8
 162              		.cfi_offset 14, -4
 121:Core/Src/usart.c **** 
 122:Core/Src/usart.c ****   huart3.Instance = USART3;
 163              		.loc 1 122 0
 164 0002 0B48     		ldr	r0, .L17
 165 0004 0B4B     		ldr	r3, .L17+4
 166 0006 0360     		str	r3, [r0]
ARM GAS  C:\Users\bertz\AppData\Local\Temp\cc0AqvYb.s 			page 6


 123:Core/Src/usart.c ****   huart3.Init.BaudRate = 115200;
 167              		.loc 1 123 0
 168 0008 4FF4E133 		mov	r3, #115200
 169 000c 4360     		str	r3, [r0, #4]
 124:Core/Src/usart.c ****   huart3.Init.WordLength = UART_WORDLENGTH_8B;
 170              		.loc 1 124 0
 171 000e 0023     		movs	r3, #0
 172 0010 8360     		str	r3, [r0, #8]
 125:Core/Src/usart.c ****   huart3.Init.StopBits = UART_STOPBITS_1;
 173              		.loc 1 125 0
 174 0012 C360     		str	r3, [r0, #12]
 126:Core/Src/usart.c ****   huart3.Init.Parity = UART_PARITY_NONE;
 175              		.loc 1 126 0
 176 0014 0361     		str	r3, [r0, #16]
 127:Core/Src/usart.c ****   huart3.Init.Mode = UART_MODE_TX_RX;
 177              		.loc 1 127 0
 178 0016 0C22     		movs	r2, #12
 179 0018 4261     		str	r2, [r0, #20]
 128:Core/Src/usart.c ****   huart3.Init.HwFlowCtl = UART_HWCONTROL_NONE;
 180              		.loc 1 128 0
 181 001a 8361     		str	r3, [r0, #24]
 129:Core/Src/usart.c ****   huart3.Init.OverSampling = UART_OVERSAMPLING_16;
 182              		.loc 1 129 0
 183 001c C361     		str	r3, [r0, #28]
 130:Core/Src/usart.c ****   if (HAL_UART_Init(&huart3) != HAL_OK)
 184              		.loc 1 130 0
 185 001e FFF7FEFF 		bl	HAL_UART_Init
 186              	.LVL4:
 187 0022 00B9     		cbnz	r0, .L16
 188              	.L13:
 131:Core/Src/usart.c ****   {
 132:Core/Src/usart.c ****     _Error_Handler(__FILE__, __LINE__);
 133:Core/Src/usart.c ****   }
 134:Core/Src/usart.c **** 
 135:Core/Src/usart.c **** }
 189              		.loc 1 135 0
 190 0024 08BD     		pop	{r3, pc}
 191              	.L16:
 132:Core/Src/usart.c ****   }
 192              		.loc 1 132 0
 193 0026 8421     		movs	r1, #132
 194 0028 0348     		ldr	r0, .L17+8
 195 002a FFF7FEFF 		bl	_Error_Handler
 196              	.LVL5:
 197              		.loc 1 135 0
 198 002e F9E7     		b	.L13
 199              	.L18:
 200              		.align	2
 201              	.L17:
 202 0030 00000000 		.word	huart3
 203 0034 00480040 		.word	1073760256
 204 0038 00000000 		.word	.LC0
 205              		.cfi_endproc
 206              	.LFE68:
 208              		.section	.text.HAL_UART_MspInit,"ax",%progbits
 209              		.align	1
 210              		.global	HAL_UART_MspInit
ARM GAS  C:\Users\bertz\AppData\Local\Temp\cc0AqvYb.s 			page 7


 211              		.syntax unified
 212              		.thumb
 213              		.thumb_func
 214              		.fpu softvfp
 216              	HAL_UART_MspInit:
 217              	.LFB69:
 136:Core/Src/usart.c **** 
 137:Core/Src/usart.c **** void HAL_UART_MspInit(UART_HandleTypeDef* uartHandle)
 138:Core/Src/usart.c **** {
 218              		.loc 1 138 0
 219              		.cfi_startproc
 220              		@ args = 0, pretend = 0, frame = 32
 221              		@ frame_needed = 0, uses_anonymous_args = 0
 222              	.LVL6:
 223 0000 70B5     		push	{r4, r5, r6, lr}
 224              	.LCFI3:
 225              		.cfi_def_cfa_offset 16
 226              		.cfi_offset 4, -16
 227              		.cfi_offset 5, -12
 228              		.cfi_offset 6, -8
 229              		.cfi_offset 14, -4
 230 0002 88B0     		sub	sp, sp, #32
 231              	.LCFI4:
 232              		.cfi_def_cfa_offset 48
 233 0004 0446     		mov	r4, r0
 139:Core/Src/usart.c **** 
 140:Core/Src/usart.c ****   GPIO_InitTypeDef GPIO_InitStruct;
 141:Core/Src/usart.c ****   if(uartHandle->Instance==USART1)
 234              		.loc 1 141 0
 235 0006 0368     		ldr	r3, [r0]
 236 0008 574A     		ldr	r2, .L33
 237 000a 9342     		cmp	r3, r2
 238 000c 07D0     		beq	.L27
 142:Core/Src/usart.c ****   {
 143:Core/Src/usart.c ****   /* USER CODE BEGIN USART1_MspInit 0 */
 144:Core/Src/usart.c **** 
 145:Core/Src/usart.c ****   /* USER CODE END USART1_MspInit 0 */
 146:Core/Src/usart.c ****     /* USART1 clock enable */
 147:Core/Src/usart.c ****     __HAL_RCC_USART1_CLK_ENABLE();
 148:Core/Src/usart.c ****   
 149:Core/Src/usart.c ****     /**USART1 GPIO Configuration    
 150:Core/Src/usart.c ****     PA9     ------> USART1_TX
 151:Core/Src/usart.c ****     PA10     ------> USART1_RX 
 152:Core/Src/usart.c ****     */
 153:Core/Src/usart.c ****     GPIO_InitStruct.Pin = CoreBoard_TX_Pin;
 154:Core/Src/usart.c ****     GPIO_InitStruct.Mode = GPIO_MODE_AF_PP;
 155:Core/Src/usart.c ****     GPIO_InitStruct.Speed = GPIO_SPEED_FREQ_HIGH;
 156:Core/Src/usart.c ****     HAL_GPIO_Init(CoreBoard_TX_GPIO_Port, &GPIO_InitStruct);
 157:Core/Src/usart.c **** 
 158:Core/Src/usart.c ****     GPIO_InitStruct.Pin = CoreBoard_RX_Pin;
 159:Core/Src/usart.c ****     GPIO_InitStruct.Mode = GPIO_MODE_INPUT;
 160:Core/Src/usart.c ****     GPIO_InitStruct.Pull = GPIO_NOPULL;
 161:Core/Src/usart.c ****     HAL_GPIO_Init(CoreBoard_RX_GPIO_Port, &GPIO_InitStruct);
 162:Core/Src/usart.c **** 
 163:Core/Src/usart.c ****     /* USART1 DMA Init */
 164:Core/Src/usart.c ****     /* USART1_RX Init */
 165:Core/Src/usart.c ****     hdma_usart1_rx.Instance = DMA1_Channel5;
ARM GAS  C:\Users\bertz\AppData\Local\Temp\cc0AqvYb.s 			page 8


 166:Core/Src/usart.c ****     hdma_usart1_rx.Init.Direction = DMA_PERIPH_TO_MEMORY;
 167:Core/Src/usart.c ****     hdma_usart1_rx.Init.PeriphInc = DMA_PINC_DISABLE;
 168:Core/Src/usart.c ****     hdma_usart1_rx.Init.MemInc = DMA_MINC_ENABLE;
 169:Core/Src/usart.c ****     hdma_usart1_rx.Init.PeriphDataAlignment = DMA_PDATAALIGN_BYTE;
 170:Core/Src/usart.c ****     hdma_usart1_rx.Init.MemDataAlignment = DMA_MDATAALIGN_BYTE;
 171:Core/Src/usart.c ****     hdma_usart1_rx.Init.Mode = DMA_NORMAL;
 172:Core/Src/usart.c ****     hdma_usart1_rx.Init.Priority = DMA_PRIORITY_LOW;
 173:Core/Src/usart.c ****     if (HAL_DMA_Init(&hdma_usart1_rx) != HAL_OK)
 174:Core/Src/usart.c ****     {
 175:Core/Src/usart.c ****       _Error_Handler(__FILE__, __LINE__);
 176:Core/Src/usart.c ****     }
 177:Core/Src/usart.c **** 
 178:Core/Src/usart.c ****     __HAL_LINKDMA(uartHandle,hdmarx,hdma_usart1_rx);
 179:Core/Src/usart.c **** 
 180:Core/Src/usart.c ****   /* USER CODE BEGIN USART1_MspInit 1 */
 181:Core/Src/usart.c **** 
 182:Core/Src/usart.c ****   /* USER CODE END USART1_MspInit 1 */
 183:Core/Src/usart.c ****   }
 184:Core/Src/usart.c ****   else if(uartHandle->Instance==USART2)
 239              		.loc 1 184 0
 240 000e 574A     		ldr	r2, .L33+4
 241 0010 9342     		cmp	r3, r2
 242 0012 3BD0     		beq	.L28
 185:Core/Src/usart.c ****   {
 186:Core/Src/usart.c ****   /* USER CODE BEGIN USART2_MspInit 0 */
 187:Core/Src/usart.c **** 
 188:Core/Src/usart.c ****   /* USER CODE END USART2_MspInit 0 */
 189:Core/Src/usart.c ****     /* USART2 clock enable */
 190:Core/Src/usart.c ****     __HAL_RCC_USART2_CLK_ENABLE();
 191:Core/Src/usart.c ****   
 192:Core/Src/usart.c ****     /**USART2 GPIO Configuration    
 193:Core/Src/usart.c ****     PA2     ------> USART2_TX
 194:Core/Src/usart.c ****     PA3     ------> USART2_RX 
 195:Core/Src/usart.c ****     */
 196:Core/Src/usart.c ****     GPIO_InitStruct.Pin = BSPA_TX_Pin;
 197:Core/Src/usart.c ****     GPIO_InitStruct.Mode = GPIO_MODE_AF_PP;
 198:Core/Src/usart.c ****     GPIO_InitStruct.Speed = GPIO_SPEED_FREQ_HIGH;
 199:Core/Src/usart.c ****     HAL_GPIO_Init(BSPA_TX_GPIO_Port, &GPIO_InitStruct);
 200:Core/Src/usart.c **** 
 201:Core/Src/usart.c ****     GPIO_InitStruct.Pin = BSPA_RX_Pin;
 202:Core/Src/usart.c ****     GPIO_InitStruct.Mode = GPIO_MODE_INPUT;
 203:Core/Src/usart.c ****     GPIO_InitStruct.Pull = GPIO_NOPULL;
 204:Core/Src/usart.c ****     HAL_GPIO_Init(BSPA_RX_GPIO_Port, &GPIO_InitStruct);
 205:Core/Src/usart.c **** 
 206:Core/Src/usart.c ****     /* USART2 DMA Init */
 207:Core/Src/usart.c ****     /* USART2_RX Init */
 208:Core/Src/usart.c ****     hdma_usart2_rx.Instance = DMA1_Channel6;
 209:Core/Src/usart.c ****     hdma_usart2_rx.Init.Direction = DMA_PERIPH_TO_MEMORY;
 210:Core/Src/usart.c ****     hdma_usart2_rx.Init.PeriphInc = DMA_PINC_DISABLE;
 211:Core/Src/usart.c ****     hdma_usart2_rx.Init.MemInc = DMA_MINC_ENABLE;
 212:Core/Src/usart.c ****     hdma_usart2_rx.Init.PeriphDataAlignment = DMA_PDATAALIGN_BYTE;
 213:Core/Src/usart.c ****     hdma_usart2_rx.Init.MemDataAlignment = DMA_MDATAALIGN_BYTE;
 214:Core/Src/usart.c ****     hdma_usart2_rx.Init.Mode = DMA_NORMAL;
 215:Core/Src/usart.c ****     hdma_usart2_rx.Init.Priority = DMA_PRIORITY_LOW;
 216:Core/Src/usart.c ****     if (HAL_DMA_Init(&hdma_usart2_rx) != HAL_OK)
 217:Core/Src/usart.c ****     {
 218:Core/Src/usart.c ****       _Error_Handler(__FILE__, __LINE__);
ARM GAS  C:\Users\bertz\AppData\Local\Temp\cc0AqvYb.s 			page 9


 219:Core/Src/usart.c ****     }
 220:Core/Src/usart.c **** 
 221:Core/Src/usart.c ****     __HAL_LINKDMA(uartHandle,hdmarx,hdma_usart2_rx);
 222:Core/Src/usart.c **** 
 223:Core/Src/usart.c ****   /* USER CODE BEGIN USART2_MspInit 1 */
 224:Core/Src/usart.c **** 
 225:Core/Src/usart.c ****   /* USER CODE END USART2_MspInit 1 */
 226:Core/Src/usart.c ****   }
 227:Core/Src/usart.c ****   else if(uartHandle->Instance==USART3)
 243              		.loc 1 227 0
 244 0014 564A     		ldr	r2, .L33+8
 245 0016 9342     		cmp	r3, r2
 246 0018 6DD0     		beq	.L29
 247              	.LVL7:
 248              	.L19:
 228:Core/Src/usart.c ****   {
 229:Core/Src/usart.c ****   /* USER CODE BEGIN USART3_MspInit 0 */
 230:Core/Src/usart.c **** 
 231:Core/Src/usart.c ****   /* USER CODE END USART3_MspInit 0 */
 232:Core/Src/usart.c ****     /* USART3 clock enable */
 233:Core/Src/usart.c ****     __HAL_RCC_USART3_CLK_ENABLE();
 234:Core/Src/usart.c ****   
 235:Core/Src/usart.c ****     /**USART3 GPIO Configuration    
 236:Core/Src/usart.c ****     PB10     ------> USART3_TX
 237:Core/Src/usart.c ****     PB11     ------> USART3_RX 
 238:Core/Src/usart.c ****     */
 239:Core/Src/usart.c ****     GPIO_InitStruct.Pin = BSPB_TX_Pin;
 240:Core/Src/usart.c ****     GPIO_InitStruct.Mode = GPIO_MODE_AF_PP;
 241:Core/Src/usart.c ****     GPIO_InitStruct.Speed = GPIO_SPEED_FREQ_HIGH;
 242:Core/Src/usart.c ****     HAL_GPIO_Init(BSPB_TX_GPIO_Port, &GPIO_InitStruct);
 243:Core/Src/usart.c **** 
 244:Core/Src/usart.c ****     GPIO_InitStruct.Pin = BSPB_RX_Pin;
 245:Core/Src/usart.c ****     GPIO_InitStruct.Mode = GPIO_MODE_INPUT;
 246:Core/Src/usart.c ****     GPIO_InitStruct.Pull = GPIO_NOPULL;
 247:Core/Src/usart.c ****     HAL_GPIO_Init(BSPB_RX_GPIO_Port, &GPIO_InitStruct);
 248:Core/Src/usart.c **** 
 249:Core/Src/usart.c ****     /* USART3 DMA Init */
 250:Core/Src/usart.c ****     /* USART3_RX Init */
 251:Core/Src/usart.c ****     hdma_usart3_rx.Instance = DMA1_Channel3;
 252:Core/Src/usart.c ****     hdma_usart3_rx.Init.Direction = DMA_PERIPH_TO_MEMORY;
 253:Core/Src/usart.c ****     hdma_usart3_rx.Init.PeriphInc = DMA_PINC_DISABLE;
 254:Core/Src/usart.c ****     hdma_usart3_rx.Init.MemInc = DMA_MINC_ENABLE;
 255:Core/Src/usart.c ****     hdma_usart3_rx.Init.PeriphDataAlignment = DMA_PDATAALIGN_BYTE;
 256:Core/Src/usart.c ****     hdma_usart3_rx.Init.MemDataAlignment = DMA_MDATAALIGN_BYTE;
 257:Core/Src/usart.c ****     hdma_usart3_rx.Init.Mode = DMA_NORMAL;
 258:Core/Src/usart.c ****     hdma_usart3_rx.Init.Priority = DMA_PRIORITY_LOW;
 259:Core/Src/usart.c ****     if (HAL_DMA_Init(&hdma_usart3_rx) != HAL_OK)
 260:Core/Src/usart.c ****     {
 261:Core/Src/usart.c ****       _Error_Handler(__FILE__, __LINE__);
 262:Core/Src/usart.c ****     }
 263:Core/Src/usart.c **** 
 264:Core/Src/usart.c ****     __HAL_LINKDMA(uartHandle,hdmarx,hdma_usart3_rx);
 265:Core/Src/usart.c **** 
 266:Core/Src/usart.c ****   /* USER CODE BEGIN USART3_MspInit 1 */
 267:Core/Src/usart.c **** 
 268:Core/Src/usart.c ****   /* USER CODE END USART3_MspInit 1 */
 269:Core/Src/usart.c ****   }
ARM GAS  C:\Users\bertz\AppData\Local\Temp\cc0AqvYb.s 			page 10


 270:Core/Src/usart.c **** }
 249              		.loc 1 270 0
 250 001a 08B0     		add	sp, sp, #32
 251              	.LCFI5:
 252              		.cfi_remember_state
 253              		.cfi_def_cfa_offset 16
 254              		@ sp needed
 255 001c 70BD     		pop	{r4, r5, r6, pc}
 256              	.LVL8:
 257              	.L27:
 258              	.LCFI6:
 259              		.cfi_restore_state
 260              	.LBB2:
 147:Core/Src/usart.c ****   
 261              		.loc 1 147 0
 262 001e 554B     		ldr	r3, .L33+12
 263 0020 9A69     		ldr	r2, [r3, #24]
 264 0022 42F48042 		orr	r2, r2, #16384
 265 0026 9A61     		str	r2, [r3, #24]
 266 0028 9B69     		ldr	r3, [r3, #24]
 267 002a 03F48043 		and	r3, r3, #16384
 268 002e 0193     		str	r3, [sp, #4]
 269 0030 019B     		ldr	r3, [sp, #4]
 270              	.LBE2:
 153:Core/Src/usart.c ****     GPIO_InitStruct.Mode = GPIO_MODE_AF_PP;
 271              		.loc 1 153 0
 272 0032 4FF40073 		mov	r3, #512
 273 0036 0493     		str	r3, [sp, #16]
 154:Core/Src/usart.c ****     GPIO_InitStruct.Speed = GPIO_SPEED_FREQ_HIGH;
 274              		.loc 1 154 0
 275 0038 0223     		movs	r3, #2
 276 003a 0593     		str	r3, [sp, #20]
 155:Core/Src/usart.c ****     HAL_GPIO_Init(CoreBoard_TX_GPIO_Port, &GPIO_InitStruct);
 277              		.loc 1 155 0
 278 003c 0323     		movs	r3, #3
 279 003e 0793     		str	r3, [sp, #28]
 156:Core/Src/usart.c **** 
 280              		.loc 1 156 0
 281 0040 4D4E     		ldr	r6, .L33+16
 282 0042 04A9     		add	r1, sp, #16
 283 0044 3046     		mov	r0, r6
 284              	.LVL9:
 285 0046 FFF7FEFF 		bl	HAL_GPIO_Init
 286              	.LVL10:
 158:Core/Src/usart.c ****     GPIO_InitStruct.Mode = GPIO_MODE_INPUT;
 287              		.loc 1 158 0
 288 004a 4FF48063 		mov	r3, #1024
 289 004e 0493     		str	r3, [sp, #16]
 159:Core/Src/usart.c ****     GPIO_InitStruct.Pull = GPIO_NOPULL;
 290              		.loc 1 159 0
 291 0050 0025     		movs	r5, #0
 292 0052 0595     		str	r5, [sp, #20]
 160:Core/Src/usart.c ****     HAL_GPIO_Init(CoreBoard_RX_GPIO_Port, &GPIO_InitStruct);
 293              		.loc 1 160 0
 294 0054 0695     		str	r5, [sp, #24]
 161:Core/Src/usart.c **** 
 295              		.loc 1 161 0
ARM GAS  C:\Users\bertz\AppData\Local\Temp\cc0AqvYb.s 			page 11


 296 0056 04A9     		add	r1, sp, #16
 297 0058 3046     		mov	r0, r6
 298 005a FFF7FEFF 		bl	HAL_GPIO_Init
 299              	.LVL11:
 165:Core/Src/usart.c ****     hdma_usart1_rx.Init.Direction = DMA_PERIPH_TO_MEMORY;
 300              		.loc 1 165 0
 301 005e 4748     		ldr	r0, .L33+20
 302 0060 474B     		ldr	r3, .L33+24
 303 0062 0360     		str	r3, [r0]
 166:Core/Src/usart.c ****     hdma_usart1_rx.Init.PeriphInc = DMA_PINC_DISABLE;
 304              		.loc 1 166 0
 305 0064 4560     		str	r5, [r0, #4]
 167:Core/Src/usart.c ****     hdma_usart1_rx.Init.MemInc = DMA_MINC_ENABLE;
 306              		.loc 1 167 0
 307 0066 8560     		str	r5, [r0, #8]
 168:Core/Src/usart.c ****     hdma_usart1_rx.Init.PeriphDataAlignment = DMA_PDATAALIGN_BYTE;
 308              		.loc 1 168 0
 309 0068 8023     		movs	r3, #128
 310 006a C360     		str	r3, [r0, #12]
 169:Core/Src/usart.c ****     hdma_usart1_rx.Init.MemDataAlignment = DMA_MDATAALIGN_BYTE;
 311              		.loc 1 169 0
 312 006c 0561     		str	r5, [r0, #16]
 170:Core/Src/usart.c ****     hdma_usart1_rx.Init.Mode = DMA_NORMAL;
 313              		.loc 1 170 0
 314 006e 4561     		str	r5, [r0, #20]
 171:Core/Src/usart.c ****     hdma_usart1_rx.Init.Priority = DMA_PRIORITY_LOW;
 315              		.loc 1 171 0
 316 0070 8561     		str	r5, [r0, #24]
 172:Core/Src/usart.c ****     if (HAL_DMA_Init(&hdma_usart1_rx) != HAL_OK)
 317              		.loc 1 172 0
 318 0072 C561     		str	r5, [r0, #28]
 173:Core/Src/usart.c ****     {
 319              		.loc 1 173 0
 320 0074 FFF7FEFF 		bl	HAL_DMA_Init
 321              	.LVL12:
 322 0078 18B9     		cbnz	r0, .L30
 323              	.L21:
 178:Core/Src/usart.c **** 
 324              		.loc 1 178 0
 325 007a 404B     		ldr	r3, .L33+20
 326 007c 6363     		str	r3, [r4, #52]
 327 007e 5C62     		str	r4, [r3, #36]
 328 0080 CBE7     		b	.L19
 329              	.L30:
 175:Core/Src/usart.c ****     }
 330              		.loc 1 175 0
 331 0082 AF21     		movs	r1, #175
 332 0084 3F48     		ldr	r0, .L33+28
 333 0086 FFF7FEFF 		bl	_Error_Handler
 334              	.LVL13:
 335 008a F6E7     		b	.L21
 336              	.LVL14:
 337              	.L28:
 338              	.LBB3:
 190:Core/Src/usart.c ****   
 339              		.loc 1 190 0
 340 008c 394B     		ldr	r3, .L33+12
ARM GAS  C:\Users\bertz\AppData\Local\Temp\cc0AqvYb.s 			page 12


 341 008e DA69     		ldr	r2, [r3, #28]
 342 0090 42F40032 		orr	r2, r2, #131072
 343 0094 DA61     		str	r2, [r3, #28]
 344 0096 DB69     		ldr	r3, [r3, #28]
 345 0098 03F40033 		and	r3, r3, #131072
 346 009c 0293     		str	r3, [sp, #8]
 347 009e 029B     		ldr	r3, [sp, #8]
 348              	.LBE3:
 196:Core/Src/usart.c ****     GPIO_InitStruct.Mode = GPIO_MODE_AF_PP;
 349              		.loc 1 196 0
 350 00a0 0423     		movs	r3, #4
 351 00a2 0493     		str	r3, [sp, #16]
 197:Core/Src/usart.c ****     GPIO_InitStruct.Speed = GPIO_SPEED_FREQ_HIGH;
 352              		.loc 1 197 0
 353 00a4 0223     		movs	r3, #2
 354 00a6 0593     		str	r3, [sp, #20]
 198:Core/Src/usart.c ****     HAL_GPIO_Init(BSPA_TX_GPIO_Port, &GPIO_InitStruct);
 355              		.loc 1 198 0
 356 00a8 0323     		movs	r3, #3
 357 00aa 0793     		str	r3, [sp, #28]
 199:Core/Src/usart.c **** 
 358              		.loc 1 199 0
 359 00ac 324E     		ldr	r6, .L33+16
 360 00ae 04A9     		add	r1, sp, #16
 361 00b0 3046     		mov	r0, r6
 362              	.LVL15:
 363 00b2 FFF7FEFF 		bl	HAL_GPIO_Init
 364              	.LVL16:
 201:Core/Src/usart.c ****     GPIO_InitStruct.Mode = GPIO_MODE_INPUT;
 365              		.loc 1 201 0
 366 00b6 0823     		movs	r3, #8
 367 00b8 0493     		str	r3, [sp, #16]
 202:Core/Src/usart.c ****     GPIO_InitStruct.Pull = GPIO_NOPULL;
 368              		.loc 1 202 0
 369 00ba 0025     		movs	r5, #0
 370 00bc 0595     		str	r5, [sp, #20]
 203:Core/Src/usart.c ****     HAL_GPIO_Init(BSPA_RX_GPIO_Port, &GPIO_InitStruct);
 371              		.loc 1 203 0
 372 00be 0695     		str	r5, [sp, #24]
 204:Core/Src/usart.c **** 
 373              		.loc 1 204 0
 374 00c0 04A9     		add	r1, sp, #16
 375 00c2 3046     		mov	r0, r6
 376 00c4 FFF7FEFF 		bl	HAL_GPIO_Init
 377              	.LVL17:
 208:Core/Src/usart.c ****     hdma_usart2_rx.Init.Direction = DMA_PERIPH_TO_MEMORY;
 378              		.loc 1 208 0
 379 00c8 2F48     		ldr	r0, .L33+32
 380 00ca 304B     		ldr	r3, .L33+36
 381 00cc 0360     		str	r3, [r0]
 209:Core/Src/usart.c ****     hdma_usart2_rx.Init.PeriphInc = DMA_PINC_DISABLE;
 382              		.loc 1 209 0
 383 00ce 4560     		str	r5, [r0, #4]
 210:Core/Src/usart.c ****     hdma_usart2_rx.Init.MemInc = DMA_MINC_ENABLE;
 384              		.loc 1 210 0
 385 00d0 8560     		str	r5, [r0, #8]
 211:Core/Src/usart.c ****     hdma_usart2_rx.Init.PeriphDataAlignment = DMA_PDATAALIGN_BYTE;
ARM GAS  C:\Users\bertz\AppData\Local\Temp\cc0AqvYb.s 			page 13


 386              		.loc 1 211 0
 387 00d2 8023     		movs	r3, #128
 388 00d4 C360     		str	r3, [r0, #12]
 212:Core/Src/usart.c ****     hdma_usart2_rx.Init.MemDataAlignment = DMA_MDATAALIGN_BYTE;
 389              		.loc 1 212 0
 390 00d6 0561     		str	r5, [r0, #16]
 213:Core/Src/usart.c ****     hdma_usart2_rx.Init.Mode = DMA_NORMAL;
 391              		.loc 1 213 0
 392 00d8 4561     		str	r5, [r0, #20]
 214:Core/Src/usart.c ****     hdma_usart2_rx.Init.Priority = DMA_PRIORITY_LOW;
 393              		.loc 1 214 0
 394 00da 8561     		str	r5, [r0, #24]
 215:Core/Src/usart.c ****     if (HAL_DMA_Init(&hdma_usart2_rx) != HAL_OK)
 395              		.loc 1 215 0
 396 00dc C561     		str	r5, [r0, #28]
 216:Core/Src/usart.c ****     {
 397              		.loc 1 216 0
 398 00de FFF7FEFF 		bl	HAL_DMA_Init
 399              	.LVL18:
 400 00e2 18B9     		cbnz	r0, .L31
 401              	.L24:
 221:Core/Src/usart.c **** 
 402              		.loc 1 221 0
 403 00e4 284B     		ldr	r3, .L33+32
 404 00e6 6363     		str	r3, [r4, #52]
 405 00e8 5C62     		str	r4, [r3, #36]
 406 00ea 96E7     		b	.L19
 407              	.L31:
 218:Core/Src/usart.c ****     }
 408              		.loc 1 218 0
 409 00ec DA21     		movs	r1, #218
 410 00ee 2548     		ldr	r0, .L33+28
 411 00f0 FFF7FEFF 		bl	_Error_Handler
 412              	.LVL19:
 413 00f4 F6E7     		b	.L24
 414              	.LVL20:
 415              	.L29:
 416              	.LBB4:
 233:Core/Src/usart.c ****   
 417              		.loc 1 233 0
 418 00f6 1F4B     		ldr	r3, .L33+12
 419 00f8 DA69     		ldr	r2, [r3, #28]
 420 00fa 42F48022 		orr	r2, r2, #262144
 421 00fe DA61     		str	r2, [r3, #28]
 422 0100 DB69     		ldr	r3, [r3, #28]
 423 0102 03F48023 		and	r3, r3, #262144
 424 0106 0393     		str	r3, [sp, #12]
 425 0108 039B     		ldr	r3, [sp, #12]
 426              	.LBE4:
 239:Core/Src/usart.c ****     GPIO_InitStruct.Mode = GPIO_MODE_AF_PP;
 427              		.loc 1 239 0
 428 010a 4FF48063 		mov	r3, #1024
 429 010e 0493     		str	r3, [sp, #16]
 240:Core/Src/usart.c ****     GPIO_InitStruct.Speed = GPIO_SPEED_FREQ_HIGH;
 430              		.loc 1 240 0
 431 0110 0223     		movs	r3, #2
 432 0112 0593     		str	r3, [sp, #20]
ARM GAS  C:\Users\bertz\AppData\Local\Temp\cc0AqvYb.s 			page 14


 241:Core/Src/usart.c ****     HAL_GPIO_Init(BSPB_TX_GPIO_Port, &GPIO_InitStruct);
 433              		.loc 1 241 0
 434 0114 0323     		movs	r3, #3
 435 0116 0793     		str	r3, [sp, #28]
 242:Core/Src/usart.c **** 
 436              		.loc 1 242 0
 437 0118 1D4E     		ldr	r6, .L33+40
 438 011a 04A9     		add	r1, sp, #16
 439 011c 3046     		mov	r0, r6
 440              	.LVL21:
 441 011e FFF7FEFF 		bl	HAL_GPIO_Init
 442              	.LVL22:
 244:Core/Src/usart.c ****     GPIO_InitStruct.Mode = GPIO_MODE_INPUT;
 443              		.loc 1 244 0
 444 0122 4FF40063 		mov	r3, #2048
 445 0126 0493     		str	r3, [sp, #16]
 245:Core/Src/usart.c ****     GPIO_InitStruct.Pull = GPIO_NOPULL;
 446              		.loc 1 245 0
 447 0128 0025     		movs	r5, #0
 448 012a 0595     		str	r5, [sp, #20]
 246:Core/Src/usart.c ****     HAL_GPIO_Init(BSPB_RX_GPIO_Port, &GPIO_InitStruct);
 449              		.loc 1 246 0
 450 012c 0695     		str	r5, [sp, #24]
 247:Core/Src/usart.c **** 
 451              		.loc 1 247 0
 452 012e 04A9     		add	r1, sp, #16
 453 0130 3046     		mov	r0, r6
 454 0132 FFF7FEFF 		bl	HAL_GPIO_Init
 455              	.LVL23:
 251:Core/Src/usart.c ****     hdma_usart3_rx.Init.Direction = DMA_PERIPH_TO_MEMORY;
 456              		.loc 1 251 0
 457 0136 1748     		ldr	r0, .L33+44
 458 0138 174B     		ldr	r3, .L33+48
 459 013a 0360     		str	r3, [r0]
 252:Core/Src/usart.c ****     hdma_usart3_rx.Init.PeriphInc = DMA_PINC_DISABLE;
 460              		.loc 1 252 0
 461 013c 4560     		str	r5, [r0, #4]
 253:Core/Src/usart.c ****     hdma_usart3_rx.Init.MemInc = DMA_MINC_ENABLE;
 462              		.loc 1 253 0
 463 013e 8560     		str	r5, [r0, #8]
 254:Core/Src/usart.c ****     hdma_usart3_rx.Init.PeriphDataAlignment = DMA_PDATAALIGN_BYTE;
 464              		.loc 1 254 0
 465 0140 8023     		movs	r3, #128
 466 0142 C360     		str	r3, [r0, #12]
 255:Core/Src/usart.c ****     hdma_usart3_rx.Init.MemDataAlignment = DMA_MDATAALIGN_BYTE;
 467              		.loc 1 255 0
 468 0144 0561     		str	r5, [r0, #16]
 256:Core/Src/usart.c ****     hdma_usart3_rx.Init.Mode = DMA_NORMAL;
 469              		.loc 1 256 0
 470 0146 4561     		str	r5, [r0, #20]
 257:Core/Src/usart.c ****     hdma_usart3_rx.Init.Priority = DMA_PRIORITY_LOW;
 471              		.loc 1 257 0
 472 0148 8561     		str	r5, [r0, #24]
 258:Core/Src/usart.c ****     if (HAL_DMA_Init(&hdma_usart3_rx) != HAL_OK)
 473              		.loc 1 258 0
 474 014a C561     		str	r5, [r0, #28]
 259:Core/Src/usart.c ****     {
ARM GAS  C:\Users\bertz\AppData\Local\Temp\cc0AqvYb.s 			page 15


 475              		.loc 1 259 0
 476 014c FFF7FEFF 		bl	HAL_DMA_Init
 477              	.LVL24:
 478 0150 18B9     		cbnz	r0, .L32
 479              	.L25:
 264:Core/Src/usart.c **** 
 480              		.loc 1 264 0
 481 0152 104B     		ldr	r3, .L33+44
 482 0154 6363     		str	r3, [r4, #52]
 483 0156 5C62     		str	r4, [r3, #36]
 484              		.loc 1 270 0
 485 0158 5FE7     		b	.L19
 486              	.L32:
 261:Core/Src/usart.c ****     }
 487              		.loc 1 261 0
 488 015a 40F20511 		movw	r1, #261
 489 015e 0948     		ldr	r0, .L33+28
 490 0160 FFF7FEFF 		bl	_Error_Handler
 491              	.LVL25:
 492 0164 F5E7     		b	.L25
 493              	.L34:
 494 0166 00BF     		.align	2
 495              	.L33:
 496 0168 00380140 		.word	1073821696
 497 016c 00440040 		.word	1073759232
 498 0170 00480040 		.word	1073760256
 499 0174 00100240 		.word	1073876992
 500 0178 00080140 		.word	1073809408
 501 017c 00000000 		.word	hdma_usart1_rx
 502 0180 58000240 		.word	1073872984
 503 0184 00000000 		.word	.LC0
 504 0188 00000000 		.word	hdma_usart2_rx
 505 018c 6C000240 		.word	1073873004
 506 0190 000C0140 		.word	1073810432
 507 0194 00000000 		.word	hdma_usart3_rx
 508 0198 30000240 		.word	1073872944
 509              		.cfi_endproc
 510              	.LFE69:
 512              		.section	.text.HAL_UART_MspDeInit,"ax",%progbits
 513              		.align	1
 514              		.global	HAL_UART_MspDeInit
 515              		.syntax unified
 516              		.thumb
 517              		.thumb_func
 518              		.fpu softvfp
 520              	HAL_UART_MspDeInit:
 521              	.LFB70:
 271:Core/Src/usart.c **** 
 272:Core/Src/usart.c **** void HAL_UART_MspDeInit(UART_HandleTypeDef* uartHandle)
 273:Core/Src/usart.c **** {
 522              		.loc 1 273 0
 523              		.cfi_startproc
 524              		@ args = 0, pretend = 0, frame = 0
 525              		@ frame_needed = 0, uses_anonymous_args = 0
 526              	.LVL26:
 527 0000 10B5     		push	{r4, lr}
 528              	.LCFI7:
ARM GAS  C:\Users\bertz\AppData\Local\Temp\cc0AqvYb.s 			page 16


 529              		.cfi_def_cfa_offset 8
 530              		.cfi_offset 4, -8
 531              		.cfi_offset 14, -4
 532 0002 0446     		mov	r4, r0
 274:Core/Src/usart.c **** 
 275:Core/Src/usart.c ****   if(uartHandle->Instance==USART1)
 533              		.loc 1 275 0
 534 0004 0368     		ldr	r3, [r0]
 535 0006 1F4A     		ldr	r2, .L43
 536 0008 9342     		cmp	r3, r2
 537 000a 06D0     		beq	.L40
 276:Core/Src/usart.c ****   {
 277:Core/Src/usart.c ****   /* USER CODE BEGIN USART1_MspDeInit 0 */
 278:Core/Src/usart.c **** 
 279:Core/Src/usart.c ****   /* USER CODE END USART1_MspDeInit 0 */
 280:Core/Src/usart.c ****     /* Peripheral clock disable */
 281:Core/Src/usart.c ****     __HAL_RCC_USART1_CLK_DISABLE();
 282:Core/Src/usart.c ****   
 283:Core/Src/usart.c ****     /**USART1 GPIO Configuration    
 284:Core/Src/usart.c ****     PA9     ------> USART1_TX
 285:Core/Src/usart.c ****     PA10     ------> USART1_RX 
 286:Core/Src/usart.c ****     */
 287:Core/Src/usart.c ****     HAL_GPIO_DeInit(GPIOA, CoreBoard_TX_Pin|CoreBoard_RX_Pin);
 288:Core/Src/usart.c **** 
 289:Core/Src/usart.c ****     /* USART1 DMA DeInit */
 290:Core/Src/usart.c ****     HAL_DMA_DeInit(uartHandle->hdmarx);
 291:Core/Src/usart.c **** 
 292:Core/Src/usart.c ****     /* USART1 interrupt Deinit */
 293:Core/Src/usart.c ****     HAL_NVIC_DisableIRQ(USART1_IRQn);
 294:Core/Src/usart.c ****   /* USER CODE BEGIN USART1_MspDeInit 1 */
 295:Core/Src/usart.c **** 
 296:Core/Src/usart.c ****   /* USER CODE END USART1_MspDeInit 1 */
 297:Core/Src/usart.c ****   }
 298:Core/Src/usart.c ****   else if(uartHandle->Instance==USART2)
 538              		.loc 1 298 0
 539 000c 1E4A     		ldr	r2, .L43+4
 540 000e 9342     		cmp	r3, r2
 541 0010 15D0     		beq	.L41
 299:Core/Src/usart.c ****   {
 300:Core/Src/usart.c ****   /* USER CODE BEGIN USART2_MspDeInit 0 */
 301:Core/Src/usart.c **** 
 302:Core/Src/usart.c ****   /* USER CODE END USART2_MspDeInit 0 */
 303:Core/Src/usart.c ****     /* Peripheral clock disable */
 304:Core/Src/usart.c ****     __HAL_RCC_USART2_CLK_DISABLE();
 305:Core/Src/usart.c ****   
 306:Core/Src/usart.c ****     /**USART2 GPIO Configuration    
 307:Core/Src/usart.c ****     PA2     ------> USART2_TX
 308:Core/Src/usart.c ****     PA3     ------> USART2_RX 
 309:Core/Src/usart.c ****     */
 310:Core/Src/usart.c ****     HAL_GPIO_DeInit(GPIOA, BSPA_TX_Pin|BSPA_RX_Pin);
 311:Core/Src/usart.c **** 
 312:Core/Src/usart.c ****     /* USART2 DMA DeInit */
 313:Core/Src/usart.c ****     HAL_DMA_DeInit(uartHandle->hdmarx);
 314:Core/Src/usart.c **** 
 315:Core/Src/usart.c ****     /* USART2 interrupt Deinit */
 316:Core/Src/usart.c ****     HAL_NVIC_DisableIRQ(USART2_IRQn);
 317:Core/Src/usart.c ****   /* USER CODE BEGIN USART2_MspDeInit 1 */
ARM GAS  C:\Users\bertz\AppData\Local\Temp\cc0AqvYb.s 			page 17


 318:Core/Src/usart.c **** 
 319:Core/Src/usart.c ****   /* USER CODE END USART2_MspDeInit 1 */
 320:Core/Src/usart.c ****   }
 321:Core/Src/usart.c ****   else if(uartHandle->Instance==USART3)
 542              		.loc 1 321 0
 543 0012 1E4A     		ldr	r2, .L43+8
 544 0014 9342     		cmp	r3, r2
 545 0016 23D0     		beq	.L42
 546              	.LVL27:
 547              	.L35:
 322:Core/Src/usart.c ****   {
 323:Core/Src/usart.c ****   /* USER CODE BEGIN USART3_MspDeInit 0 */
 324:Core/Src/usart.c **** 
 325:Core/Src/usart.c ****   /* USER CODE END USART3_MspDeInit 0 */
 326:Core/Src/usart.c ****     /* Peripheral clock disable */
 327:Core/Src/usart.c ****     __HAL_RCC_USART3_CLK_DISABLE();
 328:Core/Src/usart.c ****   
 329:Core/Src/usart.c ****     /**USART3 GPIO Configuration    
 330:Core/Src/usart.c ****     PB10     ------> USART3_TX
 331:Core/Src/usart.c ****     PB11     ------> USART3_RX 
 332:Core/Src/usart.c ****     */
 333:Core/Src/usart.c ****     HAL_GPIO_DeInit(GPIOB, BSPB_TX_Pin|BSPB_RX_Pin);
 334:Core/Src/usart.c **** 
 335:Core/Src/usart.c ****     /* USART3 DMA DeInit */
 336:Core/Src/usart.c ****     HAL_DMA_DeInit(uartHandle->hdmarx);
 337:Core/Src/usart.c **** 
 338:Core/Src/usart.c ****     /* USART3 interrupt Deinit */
 339:Core/Src/usart.c ****     HAL_NVIC_DisableIRQ(USART3_IRQn);
 340:Core/Src/usart.c ****   /* USER CODE BEGIN USART3_MspDeInit 1 */
 341:Core/Src/usart.c **** 
 342:Core/Src/usart.c ****   /* USER CODE END USART3_MspDeInit 1 */
 343:Core/Src/usart.c ****   }
 344:Core/Src/usart.c **** } 
 548              		.loc 1 344 0
 549 0018 10BD     		pop	{r4, pc}
 550              	.LVL28:
 551              	.L40:
 281:Core/Src/usart.c ****   
 552              		.loc 1 281 0
 553 001a 02F55842 		add	r2, r2, #55296
 554 001e 9369     		ldr	r3, [r2, #24]
 555 0020 23F48043 		bic	r3, r3, #16384
 556 0024 9361     		str	r3, [r2, #24]
 287:Core/Src/usart.c **** 
 557              		.loc 1 287 0
 558 0026 4FF4C061 		mov	r1, #1536
 559 002a 1948     		ldr	r0, .L43+12
 560              	.LVL29:
 561 002c FFF7FEFF 		bl	HAL_GPIO_DeInit
 562              	.LVL30:
 290:Core/Src/usart.c **** 
 563              		.loc 1 290 0
 564 0030 606B     		ldr	r0, [r4, #52]
 565 0032 FFF7FEFF 		bl	HAL_DMA_DeInit
 566              	.LVL31:
 293:Core/Src/usart.c ****   /* USER CODE BEGIN USART1_MspDeInit 1 */
 567              		.loc 1 293 0
ARM GAS  C:\Users\bertz\AppData\Local\Temp\cc0AqvYb.s 			page 18


 568 0036 2520     		movs	r0, #37
 569 0038 FFF7FEFF 		bl	HAL_NVIC_DisableIRQ
 570              	.LVL32:
 571 003c ECE7     		b	.L35
 572              	.LVL33:
 573              	.L41:
 304:Core/Src/usart.c ****   
 574              		.loc 1 304 0
 575 003e 02F5E632 		add	r2, r2, #117760
 576 0042 D369     		ldr	r3, [r2, #28]
 577 0044 23F40033 		bic	r3, r3, #131072
 578 0048 D361     		str	r3, [r2, #28]
 310:Core/Src/usart.c **** 
 579              		.loc 1 310 0
 580 004a 0C21     		movs	r1, #12
 581 004c 1048     		ldr	r0, .L43+12
 582              	.LVL34:
 583 004e FFF7FEFF 		bl	HAL_GPIO_DeInit
 584              	.LVL35:
 313:Core/Src/usart.c **** 
 585              		.loc 1 313 0
 586 0052 606B     		ldr	r0, [r4, #52]
 587 0054 FFF7FEFF 		bl	HAL_DMA_DeInit
 588              	.LVL36:
 316:Core/Src/usart.c ****   /* USER CODE BEGIN USART2_MspDeInit 1 */
 589              		.loc 1 316 0
 590 0058 2620     		movs	r0, #38
 591 005a FFF7FEFF 		bl	HAL_NVIC_DisableIRQ
 592              	.LVL37:
 593 005e DBE7     		b	.L35
 594              	.LVL38:
 595              	.L42:
 327:Core/Src/usart.c ****   
 596              		.loc 1 327 0
 597 0060 02F5E432 		add	r2, r2, #116736
 598 0064 D369     		ldr	r3, [r2, #28]
 599 0066 23F48023 		bic	r3, r3, #262144
 600 006a D361     		str	r3, [r2, #28]
 333:Core/Src/usart.c **** 
 601              		.loc 1 333 0
 602 006c 4FF44061 		mov	r1, #3072
 603 0070 0848     		ldr	r0, .L43+16
 604              	.LVL39:
 605 0072 FFF7FEFF 		bl	HAL_GPIO_DeInit
 606              	.LVL40:
 336:Core/Src/usart.c **** 
 607              		.loc 1 336 0
 608 0076 606B     		ldr	r0, [r4, #52]
 609 0078 FFF7FEFF 		bl	HAL_DMA_DeInit
 610              	.LVL41:
 339:Core/Src/usart.c ****   /* USER CODE BEGIN USART3_MspDeInit 1 */
 611              		.loc 1 339 0
 612 007c 2720     		movs	r0, #39
 613 007e FFF7FEFF 		bl	HAL_NVIC_DisableIRQ
 614              	.LVL42:
 615              		.loc 1 344 0
 616 0082 C9E7     		b	.L35
ARM GAS  C:\Users\bertz\AppData\Local\Temp\cc0AqvYb.s 			page 19


 617              	.L44:
 618              		.align	2
 619              	.L43:
 620 0084 00380140 		.word	1073821696
 621 0088 00440040 		.word	1073759232
 622 008c 00480040 		.word	1073760256
 623 0090 00080140 		.word	1073809408
 624 0094 000C0140 		.word	1073810432
 625              		.cfi_endproc
 626              	.LFE70:
 628              		.section	.text.DS_CoreBoardProtocolInit,"ax",%progbits
 629              		.align	1
 630              		.global	DS_CoreBoardProtocolInit
 631              		.syntax unified
 632              		.thumb
 633              		.thumb_func
 634              		.fpu softvfp
 636              	DS_CoreBoardProtocolInit:
 637              	.LFB71:
 345:Core/Src/usart.c **** 
 346:Core/Src/usart.c **** /* USER CODE BEGIN 1 */
 347:Core/Src/usart.c **** DS_StatusTypeDef DS_CoreBoardProtocolInit(void)
 348:Core/Src/usart.c **** {
 638              		.loc 1 348 0
 639              		.cfi_startproc
 640              		@ args = 0, pretend = 0, frame = 0
 641              		@ frame_needed = 0, uses_anonymous_args = 0
 642 0000 08B5     		push	{r3, lr}
 643              	.LCFI8:
 644              		.cfi_def_cfa_offset 8
 645              		.cfi_offset 3, -8
 646              		.cfi_offset 14, -4
 647              	.LVL43:
 349:Core/Src/usart.c ****   DS_StatusTypeDef state = DS_OK;
 350:Core/Src/usart.c ****   __HAL_UART_ENABLE_IT(&huart1,UART_IT_IDLE);
 648              		.loc 1 350 0
 649 0002 0648     		ldr	r0, .L47
 650 0004 0268     		ldr	r2, [r0]
 651 0006 D368     		ldr	r3, [r2, #12]
 652 0008 43F01003 		orr	r3, r3, #16
 653 000c D360     		str	r3, [r2, #12]
 351:Core/Src/usart.c ****   HAL_UART_Receive_DMA(&huart1,CoreBoardReceiveBuff,RXBUFFERSIZE);
 654              		.loc 1 351 0
 655 000e 8022     		movs	r2, #128
 656 0010 0349     		ldr	r1, .L47+4
 657 0012 FFF7FEFF 		bl	HAL_UART_Receive_DMA
 658              	.LVL44:
 352:Core/Src/usart.c ****   return state;  
 353:Core/Src/usart.c **** }
 659              		.loc 1 353 0
 660 0016 0020     		movs	r0, #0
 661 0018 08BD     		pop	{r3, pc}
 662              	.L48:
 663 001a 00BF     		.align	2
 664              	.L47:
 665 001c 00000000 		.word	huart1
 666 0020 00000000 		.word	CoreBoardReceiveBuff
ARM GAS  C:\Users\bertz\AppData\Local\Temp\cc0AqvYb.s 			page 20


 667              		.cfi_endproc
 668              	.LFE71:
 670              		.section	.text.DS_BSPABoardProtocolInit,"ax",%progbits
 671              		.align	1
 672              		.global	DS_BSPABoardProtocolInit
 673              		.syntax unified
 674              		.thumb
 675              		.thumb_func
 676              		.fpu softvfp
 678              	DS_BSPABoardProtocolInit:
 679              	.LFB72:
 354:Core/Src/usart.c **** DS_StatusTypeDef DS_BSPABoardProtocolInit(void)
 355:Core/Src/usart.c **** {
 680              		.loc 1 355 0
 681              		.cfi_startproc
 682              		@ args = 0, pretend = 0, frame = 0
 683              		@ frame_needed = 0, uses_anonymous_args = 0
 684 0000 08B5     		push	{r3, lr}
 685              	.LCFI9:
 686              		.cfi_def_cfa_offset 8
 687              		.cfi_offset 3, -8
 688              		.cfi_offset 14, -4
 689              	.LVL45:
 356:Core/Src/usart.c ****   DS_StatusTypeDef state = DS_OK;
 357:Core/Src/usart.c ****   __HAL_UART_ENABLE_IT(&huart2,UART_IT_IDLE);
 690              		.loc 1 357 0
 691 0002 0848     		ldr	r0, .L51
 692 0004 0268     		ldr	r2, [r0]
 693 0006 D368     		ldr	r3, [r2, #12]
 694 0008 43F01003 		orr	r3, r3, #16
 695 000c D360     		str	r3, [r2, #12]
 358:Core/Src/usart.c ****   HAL_UART_Receive_DMA(&huart2,BSPABoardReceiveBuff,RXBUFFERSIZE);
 696              		.loc 1 358 0
 697 000e 8022     		movs	r2, #128
 698 0010 0549     		ldr	r1, .L51+4
 699 0012 FFF7FEFF 		bl	HAL_UART_Receive_DMA
 700              	.LVL46:
 359:Core/Src/usart.c ****   HAL_GPIO_WritePin(CTR485A_EN_GPIO_Port,CTR485A_EN_Pin,GPIO_PIN_RESET);
 701              		.loc 1 359 0
 702 0016 0022     		movs	r2, #0
 703 0018 0221     		movs	r1, #2
 704 001a 0448     		ldr	r0, .L51+8
 705 001c FFF7FEFF 		bl	HAL_GPIO_WritePin
 706              	.LVL47:
 360:Core/Src/usart.c ****   
 361:Core/Src/usart.c ****   return state; 	
 362:Core/Src/usart.c **** }
 707              		.loc 1 362 0
 708 0020 0020     		movs	r0, #0
 709 0022 08BD     		pop	{r3, pc}
 710              	.L52:
 711              		.align	2
 712              	.L51:
 713 0024 00000000 		.word	huart2
 714 0028 00000000 		.word	BSPABoardReceiveBuff
 715 002c 00100140 		.word	1073811456
 716              		.cfi_endproc
ARM GAS  C:\Users\bertz\AppData\Local\Temp\cc0AqvYb.s 			page 21


 717              	.LFE72:
 719              		.section	.text.DS_BSPBBoardProtocolInit,"ax",%progbits
 720              		.align	1
 721              		.global	DS_BSPBBoardProtocolInit
 722              		.syntax unified
 723              		.thumb
 724              		.thumb_func
 725              		.fpu softvfp
 727              	DS_BSPBBoardProtocolInit:
 728              	.LFB73:
 363:Core/Src/usart.c **** DS_StatusTypeDef DS_BSPBBoardProtocolInit(void)
 364:Core/Src/usart.c **** {
 729              		.loc 1 364 0
 730              		.cfi_startproc
 731              		@ args = 0, pretend = 0, frame = 0
 732              		@ frame_needed = 0, uses_anonymous_args = 0
 733 0000 08B5     		push	{r3, lr}
 734              	.LCFI10:
 735              		.cfi_def_cfa_offset 8
 736              		.cfi_offset 3, -8
 737              		.cfi_offset 14, -4
 738              	.LVL48:
 365:Core/Src/usart.c ****   DS_StatusTypeDef state = DS_OK;
 366:Core/Src/usart.c ****   __HAL_UART_ENABLE_IT(&huart3,UART_IT_IDLE);
 739              		.loc 1 366 0
 740 0002 0848     		ldr	r0, .L55
 741 0004 0268     		ldr	r2, [r0]
 742 0006 D368     		ldr	r3, [r2, #12]
 743 0008 43F01003 		orr	r3, r3, #16
 744 000c D360     		str	r3, [r2, #12]
 367:Core/Src/usart.c ****   HAL_UART_Receive_DMA(&huart3,BSPBBoardReceiveBuff,RXBUFFERSIZE);
 745              		.loc 1 367 0
 746 000e 8022     		movs	r2, #128
 747 0010 0549     		ldr	r1, .L55+4
 748 0012 FFF7FEFF 		bl	HAL_UART_Receive_DMA
 749              	.LVL49:
 368:Core/Src/usart.c ****   HAL_GPIO_WritePin(CTR485B_EN_GPIO_Port,CTR485B_EN_Pin,GPIO_PIN_RESET);
 750              		.loc 1 368 0
 751 0016 0022     		movs	r2, #0
 752 0018 0121     		movs	r1, #1
 753 001a 0448     		ldr	r0, .L55+8
 754 001c FFF7FEFF 		bl	HAL_GPIO_WritePin
 755              	.LVL50:
 369:Core/Src/usart.c ****   
 370:Core/Src/usart.c ****   return state; 	
 371:Core/Src/usart.c **** }
 756              		.loc 1 371 0
 757 0020 0020     		movs	r0, #0
 758 0022 08BD     		pop	{r3, pc}
 759              	.L56:
 760              		.align	2
 761              	.L55:
 762 0024 00000000 		.word	huart3
 763 0028 00000000 		.word	BSPBBoardReceiveBuff
 764 002c 00100140 		.word	1073811456
 765              		.cfi_endproc
 766              	.LFE73:
ARM GAS  C:\Users\bertz\AppData\Local\Temp\cc0AqvYb.s 			page 22


 768              		.section	.text.DS_SendDataToCoreBoard,"ax",%progbits
 769              		.align	1
 770              		.global	DS_SendDataToCoreBoard
 771              		.syntax unified
 772              		.thumb
 773              		.thumb_func
 774              		.fpu softvfp
 776              	DS_SendDataToCoreBoard:
 777              	.LFB74:
 372:Core/Src/usart.c **** 
 373:Core/Src/usart.c **** DS_StatusTypeDef DS_SendDataToCoreBoard(uint8_t* pData, uint16_t size, uint32_t Timeout)
 374:Core/Src/usart.c **** {
 778              		.loc 1 374 0
 779              		.cfi_startproc
 780              		@ args = 0, pretend = 0, frame = 0
 781              		@ frame_needed = 0, uses_anonymous_args = 0
 782              	.LVL51:
 783 0000 08B5     		push	{r3, lr}
 784              	.LCFI11:
 785              		.cfi_def_cfa_offset 8
 786              		.cfi_offset 3, -8
 787              		.cfi_offset 14, -4
 788              	.LVL52:
 375:Core/Src/usart.c ****   DS_StatusTypeDef state = DS_OK;
 376:Core/Src/usart.c ****   state = (DS_StatusTypeDef)HAL_UART_Transmit(&huart1, pData,size,0xFFFF);
 789              		.loc 1 376 0
 790 0002 4FF6FF73 		movw	r3, #65535
 791 0006 0A46     		mov	r2, r1
 792              	.LVL53:
 793 0008 0146     		mov	r1, r0
 794              	.LVL54:
 795 000a 0448     		ldr	r0, .L61
 796              	.LVL55:
 797 000c FFF7FEFF 		bl	HAL_UART_Transmit
 798              	.LVL56:
 377:Core/Src/usart.c ****   if(DS_OK != state)
 799              		.loc 1 377 0
 800 0010 0346     		mov	r3, r0
 801 0012 00B1     		cbz	r0, .L58
 378:Core/Src/usart.c ****   {
 379:Core/Src/usart.c ****     state = DS_ERROR;
 802              		.loc 1 379 0
 803 0014 0123     		movs	r3, #1
 804              	.L58:
 805              	.LVL57:
 380:Core/Src/usart.c ****   }
 381:Core/Src/usart.c ****   return state; 	
 382:Core/Src/usart.c **** }
 806              		.loc 1 382 0
 807 0016 1846     		mov	r0, r3
 808 0018 08BD     		pop	{r3, pc}
 809              	.LVL58:
 810              	.L62:
 811 001a 00BF     		.align	2
 812              	.L61:
 813 001c 00000000 		.word	huart1
 814              		.cfi_endproc
ARM GAS  C:\Users\bertz\AppData\Local\Temp\cc0AqvYb.s 			page 23


 815              	.LFE74:
 817              		.section	.text.DS_SendDataToBSPABoard,"ax",%progbits
 818              		.align	1
 819              		.global	DS_SendDataToBSPABoard
 820              		.syntax unified
 821              		.thumb
 822              		.thumb_func
 823              		.fpu softvfp
 825              	DS_SendDataToBSPABoard:
 826              	.LFB75:
 383:Core/Src/usart.c **** DS_StatusTypeDef DS_SendDataToBSPABoard(uint8_t* pData, uint16_t size, uint32_t Timeout)
 384:Core/Src/usart.c **** {
 827              		.loc 1 384 0
 828              		.cfi_startproc
 829              		@ args = 0, pretend = 0, frame = 0
 830              		@ frame_needed = 0, uses_anonymous_args = 0
 831              	.LVL59:
 832 0000 F8B5     		push	{r3, r4, r5, r6, r7, lr}
 833              	.LCFI12:
 834              		.cfi_def_cfa_offset 24
 835              		.cfi_offset 3, -24
 836              		.cfi_offset 4, -20
 837              		.cfi_offset 5, -16
 838              		.cfi_offset 6, -12
 839              		.cfi_offset 7, -8
 840              		.cfi_offset 14, -4
 841 0002 0546     		mov	r5, r0
 842 0004 0E46     		mov	r6, r1
 843 0006 1746     		mov	r7, r2
 844              	.LVL60:
 385:Core/Src/usart.c ****   DS_StatusTypeDef state = DS_OK;
 386:Core/Src/usart.c ****   HAL_GPIO_WritePin(CTR485A_EN_GPIO_Port,CTR485A_EN_Pin,GPIO_PIN_SET);
 845              		.loc 1 386 0
 846 0008 094C     		ldr	r4, .L65
 847 000a 0122     		movs	r2, #1
 848              	.LVL61:
 849 000c 0221     		movs	r1, #2
 850              	.LVL62:
 851 000e 2046     		mov	r0, r4
 852              	.LVL63:
 853 0010 FFF7FEFF 		bl	HAL_GPIO_WritePin
 854              	.LVL64:
 387:Core/Src/usart.c ****   state = (DS_StatusTypeDef)HAL_UART_Transmit(&huart2, pData, size, Timeout);
 855              		.loc 1 387 0
 856 0014 3B46     		mov	r3, r7
 857 0016 3246     		mov	r2, r6
 858 0018 2946     		mov	r1, r5
 859 001a 0648     		ldr	r0, .L65+4
 860 001c FFF7FEFF 		bl	HAL_UART_Transmit
 861              	.LVL65:
 862 0020 0546     		mov	r5, r0
 863              	.LVL66:
 388:Core/Src/usart.c ****   HAL_GPIO_WritePin(CTR485A_EN_GPIO_Port,CTR485A_EN_Pin,GPIO_PIN_RESET);
 864              		.loc 1 388 0
 865 0022 0022     		movs	r2, #0
 866 0024 0221     		movs	r1, #2
 867 0026 2046     		mov	r0, r4
ARM GAS  C:\Users\bertz\AppData\Local\Temp\cc0AqvYb.s 			page 24


 868 0028 FFF7FEFF 		bl	HAL_GPIO_WritePin
 869              	.LVL67:
 389:Core/Src/usart.c ****   return state;	
 390:Core/Src/usart.c **** }
 870              		.loc 1 390 0
 871 002c 2846     		mov	r0, r5
 872 002e F8BD     		pop	{r3, r4, r5, r6, r7, pc}
 873              	.LVL68:
 874              	.L66:
 875              		.align	2
 876              	.L65:
 877 0030 00100140 		.word	1073811456
 878 0034 00000000 		.word	huart2
 879              		.cfi_endproc
 880              	.LFE75:
 882              		.section	.text.DS_SendDataToBSPBBoard,"ax",%progbits
 883              		.align	1
 884              		.global	DS_SendDataToBSPBBoard
 885              		.syntax unified
 886              		.thumb
 887              		.thumb_func
 888              		.fpu softvfp
 890              	DS_SendDataToBSPBBoard:
 891              	.LFB76:
 391:Core/Src/usart.c **** DS_StatusTypeDef DS_SendDataToBSPBBoard(uint8_t* pData, uint16_t size, uint32_t Timeout)
 392:Core/Src/usart.c **** {
 892              		.loc 1 392 0
 893              		.cfi_startproc
 894              		@ args = 0, pretend = 0, frame = 0
 895              		@ frame_needed = 0, uses_anonymous_args = 0
 896              	.LVL69:
 897 0000 F8B5     		push	{r3, r4, r5, r6, r7, lr}
 898              	.LCFI13:
 899              		.cfi_def_cfa_offset 24
 900              		.cfi_offset 3, -24
 901              		.cfi_offset 4, -20
 902              		.cfi_offset 5, -16
 903              		.cfi_offset 6, -12
 904              		.cfi_offset 7, -8
 905              		.cfi_offset 14, -4
 906 0002 0546     		mov	r5, r0
 907 0004 0E46     		mov	r6, r1
 908 0006 1746     		mov	r7, r2
 909              	.LVL70:
 393:Core/Src/usart.c ****   DS_StatusTypeDef state = DS_OK;
 394:Core/Src/usart.c ****   HAL_GPIO_WritePin(CTR485B_EN_GPIO_Port,CTR485B_EN_Pin,GPIO_PIN_SET);
 910              		.loc 1 394 0
 911 0008 094C     		ldr	r4, .L69
 912 000a 0122     		movs	r2, #1
 913              	.LVL71:
 914 000c 1146     		mov	r1, r2
 915              	.LVL72:
 916 000e 2046     		mov	r0, r4
 917              	.LVL73:
 918 0010 FFF7FEFF 		bl	HAL_GPIO_WritePin
 919              	.LVL74:
 395:Core/Src/usart.c ****   state = (DS_StatusTypeDef)HAL_UART_Transmit(&huart3, pData, size, Timeout);
ARM GAS  C:\Users\bertz\AppData\Local\Temp\cc0AqvYb.s 			page 25


 920              		.loc 1 395 0
 921 0014 3B46     		mov	r3, r7
 922 0016 3246     		mov	r2, r6
 923 0018 2946     		mov	r1, r5
 924 001a 0648     		ldr	r0, .L69+4
 925 001c FFF7FEFF 		bl	HAL_UART_Transmit
 926              	.LVL75:
 927 0020 0546     		mov	r5, r0
 928              	.LVL76:
 396:Core/Src/usart.c ****   HAL_GPIO_WritePin(CTR485B_EN_GPIO_Port,CTR485B_EN_Pin,GPIO_PIN_RESET);
 929              		.loc 1 396 0
 930 0022 0022     		movs	r2, #0
 931 0024 0121     		movs	r1, #1
 932 0026 2046     		mov	r0, r4
 933 0028 FFF7FEFF 		bl	HAL_GPIO_WritePin
 934              	.LVL77:
 397:Core/Src/usart.c ****   return state; 	
 398:Core/Src/usart.c **** }
 935              		.loc 1 398 0
 936 002c 2846     		mov	r0, r5
 937 002e F8BD     		pop	{r3, r4, r5, r6, r7, pc}
 938              	.LVL78:
 939              	.L70:
 940              		.align	2
 941              	.L69:
 942 0030 00100140 		.word	1073811456
 943 0034 00000000 		.word	huart3
 944              		.cfi_endproc
 945              	.LFE76:
 947              		.comm	hdma_usart3_rx,68,4
 948              		.comm	hdma_usart2_rx,68,4
 949              		.comm	hdma_usart1_rx,68,4
 950              		.comm	huart3,64,4
 951              		.comm	huart2,64,4
 952              		.comm	huart1,64,4
 953              		.comm	BSPBBoardRx_InfoLen,1,1
 954              		.comm	BSPBBoardRx_BufferLen,1,1
 955              		.comm	BSPBBoardReceiveInfo,128,4
 956              		.comm	BSPBBoardReceiveBuff,128,4
 957              		.comm	BSPABoardRx_InfoLen,1,1
 958              		.comm	BSPABoardRx_BufferLen,1,1
 959              		.comm	BSPABoardReceiveInfo,128,4
 960              		.comm	BSPABoardReceiveBuff,128,4
 961              		.comm	CoreBoardRx_InfoLen,1,1
 962              		.comm	CoreBoardRx_BufferLen,1,1
 963              		.comm	CoreBoardReceiveInfo,128,4
 964              		.comm	CoreBoardReceiveBuff,128,4
 965              		.section	.rodata.MX_USART1_UART_Init.str1.4,"aMS",%progbits,1
 966              		.align	2
 967              	.LC0:
 968 0000 436F7265 		.ascii	"Core/Src/usart.c\000"
 968      2F537263 
 968      2F757361 
 968      72742E63 
 968      00
 969              		.text
 970              	.Letext0:
ARM GAS  C:\Users\bertz\AppData\Local\Temp\cc0AqvYb.s 			page 26


 971              		.file 2 "Core/Inc/main.h"
 972              		.file 3 "Drivers/CMSIS/Device/ST/STM32F1xx/Include/stm32f103xe.h"
 973              		.file 4 "c:\\program files (x86)\\gnu tools arm embedded\\7 2018-q2-update\\arm-none-eabi\\include
 974              		.file 5 "c:\\program files (x86)\\gnu tools arm embedded\\7 2018-q2-update\\arm-none-eabi\\include
 975              		.file 6 "Drivers/CMSIS/Include/core_cm3.h"
 976              		.file 7 "Drivers/CMSIS/Device/ST/STM32F1xx/Include/system_stm32f1xx.h"
 977              		.file 8 "c:\\program files (x86)\\gnu tools arm embedded\\7 2018-q2-update\\arm-none-eabi\\include
 978              		.file 9 "c:\\program files (x86)\\gnu tools arm embedded\\7 2018-q2-update\\arm-none-eabi\\include
 979              		.file 10 "c:\\program files (x86)\\gnu tools arm embedded\\7 2018-q2-update\\lib\\gcc\\arm-none-ea
 980              		.file 11 "c:\\program files (x86)\\gnu tools arm embedded\\7 2018-q2-update\\arm-none-eabi\\includ
 981              		.file 12 "Drivers/STM32F1xx_HAL_Driver/Inc/stm32f1xx_hal_def.h"
 982              		.file 13 "Drivers/STM32F1xx_HAL_Driver/Inc/stm32f1xx_hal_gpio.h"
 983              		.file 14 "Drivers/STM32F1xx_HAL_Driver/Inc/stm32f1xx_hal_dma.h"
 984              		.file 15 "Drivers/STM32F1xx_HAL_Driver/Inc/stm32f1xx_hal_uart.h"
 985              		.file 16 "Core/Inc/usart.h"
 986              		.file 17 "Drivers/STM32F1xx_HAL_Driver/Inc/stm32f1xx_hal_cortex.h"
 987              		.file 18 "Core/Inc/dma.h"
ARM GAS  C:\Users\bertz\AppData\Local\Temp\cc0AqvYb.s 			page 27


DEFINED SYMBOLS
                            *ABS*:00000000 usart.c
C:\Users\bertz\AppData\Local\Temp\cc0AqvYb.s:16     .text.MX_USART1_UART_Init:00000000 $t
C:\Users\bertz\AppData\Local\Temp\cc0AqvYb.s:23     .text.MX_USART1_UART_Init:00000000 MX_USART1_UART_Init
C:\Users\bertz\AppData\Local\Temp\cc0AqvYb.s:74     .text.MX_USART1_UART_Init:00000030 $d
                            *COM*:00000040 huart1
C:\Users\bertz\AppData\Local\Temp\cc0AqvYb.s:81     .text.MX_USART2_UART_Init:00000000 $t
C:\Users\bertz\AppData\Local\Temp\cc0AqvYb.s:88     .text.MX_USART2_UART_Init:00000000 MX_USART2_UART_Init
C:\Users\bertz\AppData\Local\Temp\cc0AqvYb.s:138    .text.MX_USART2_UART_Init:00000030 $d
                            *COM*:00000040 huart2
C:\Users\bertz\AppData\Local\Temp\cc0AqvYb.s:145    .text.MX_USART3_UART_Init:00000000 $t
C:\Users\bertz\AppData\Local\Temp\cc0AqvYb.s:152    .text.MX_USART3_UART_Init:00000000 MX_USART3_UART_Init
C:\Users\bertz\AppData\Local\Temp\cc0AqvYb.s:202    .text.MX_USART3_UART_Init:00000030 $d
                            *COM*:00000040 huart3
C:\Users\bertz\AppData\Local\Temp\cc0AqvYb.s:209    .text.HAL_UART_MspInit:00000000 $t
C:\Users\bertz\AppData\Local\Temp\cc0AqvYb.s:216    .text.HAL_UART_MspInit:00000000 HAL_UART_MspInit
C:\Users\bertz\AppData\Local\Temp\cc0AqvYb.s:496    .text.HAL_UART_MspInit:00000168 $d
                            *COM*:00000044 hdma_usart1_rx
                            *COM*:00000044 hdma_usart2_rx
                            *COM*:00000044 hdma_usart3_rx
C:\Users\bertz\AppData\Local\Temp\cc0AqvYb.s:513    .text.HAL_UART_MspDeInit:00000000 $t
C:\Users\bertz\AppData\Local\Temp\cc0AqvYb.s:520    .text.HAL_UART_MspDeInit:00000000 HAL_UART_MspDeInit
C:\Users\bertz\AppData\Local\Temp\cc0AqvYb.s:620    .text.HAL_UART_MspDeInit:00000084 $d
C:\Users\bertz\AppData\Local\Temp\cc0AqvYb.s:629    .text.DS_CoreBoardProtocolInit:00000000 $t
C:\Users\bertz\AppData\Local\Temp\cc0AqvYb.s:636    .text.DS_CoreBoardProtocolInit:00000000 DS_CoreBoardProtocolInit
C:\Users\bertz\AppData\Local\Temp\cc0AqvYb.s:665    .text.DS_CoreBoardProtocolInit:0000001c $d
                            *COM*:00000080 CoreBoardReceiveBuff
C:\Users\bertz\AppData\Local\Temp\cc0AqvYb.s:671    .text.DS_BSPABoardProtocolInit:00000000 $t
C:\Users\bertz\AppData\Local\Temp\cc0AqvYb.s:678    .text.DS_BSPABoardProtocolInit:00000000 DS_BSPABoardProtocolInit
C:\Users\bertz\AppData\Local\Temp\cc0AqvYb.s:713    .text.DS_BSPABoardProtocolInit:00000024 $d
                            *COM*:00000080 BSPABoardReceiveBuff
C:\Users\bertz\AppData\Local\Temp\cc0AqvYb.s:720    .text.DS_BSPBBoardProtocolInit:00000000 $t
C:\Users\bertz\AppData\Local\Temp\cc0AqvYb.s:727    .text.DS_BSPBBoardProtocolInit:00000000 DS_BSPBBoardProtocolInit
C:\Users\bertz\AppData\Local\Temp\cc0AqvYb.s:762    .text.DS_BSPBBoardProtocolInit:00000024 $d
                            *COM*:00000080 BSPBBoardReceiveBuff
C:\Users\bertz\AppData\Local\Temp\cc0AqvYb.s:769    .text.DS_SendDataToCoreBoard:00000000 $t
C:\Users\bertz\AppData\Local\Temp\cc0AqvYb.s:776    .text.DS_SendDataToCoreBoard:00000000 DS_SendDataToCoreBoard
C:\Users\bertz\AppData\Local\Temp\cc0AqvYb.s:813    .text.DS_SendDataToCoreBoard:0000001c $d
C:\Users\bertz\AppData\Local\Temp\cc0AqvYb.s:818    .text.DS_SendDataToBSPABoard:00000000 $t
C:\Users\bertz\AppData\Local\Temp\cc0AqvYb.s:825    .text.DS_SendDataToBSPABoard:00000000 DS_SendDataToBSPABoard
C:\Users\bertz\AppData\Local\Temp\cc0AqvYb.s:877    .text.DS_SendDataToBSPABoard:00000030 $d
C:\Users\bertz\AppData\Local\Temp\cc0AqvYb.s:883    .text.DS_SendDataToBSPBBoard:00000000 $t
C:\Users\bertz\AppData\Local\Temp\cc0AqvYb.s:890    .text.DS_SendDataToBSPBBoard:00000000 DS_SendDataToBSPBBoard
C:\Users\bertz\AppData\Local\Temp\cc0AqvYb.s:942    .text.DS_SendDataToBSPBBoard:00000030 $d
                            *COM*:00000001 BSPBBoardRx_InfoLen
                            *COM*:00000001 BSPBBoardRx_BufferLen
                            *COM*:00000080 BSPBBoardReceiveInfo
                            *COM*:00000001 BSPABoardRx_InfoLen
                            *COM*:00000001 BSPABoardRx_BufferLen
                            *COM*:00000080 BSPABoardReceiveInfo
                            *COM*:00000001 CoreBoardRx_InfoLen
                            *COM*:00000001 CoreBoardRx_BufferLen
                            *COM*:00000080 CoreBoardReceiveInfo
C:\Users\bertz\AppData\Local\Temp\cc0AqvYb.s:966    .rodata.MX_USART1_UART_Init.str1.4:00000000 $d

UNDEFINED SYMBOLS
HAL_UART_Init
ARM GAS  C:\Users\bertz\AppData\Local\Temp\cc0AqvYb.s 			page 28


_Error_Handler
HAL_GPIO_Init
HAL_DMA_Init
HAL_GPIO_DeInit
HAL_DMA_DeInit
HAL_NVIC_DisableIRQ
HAL_UART_Receive_DMA
HAL_GPIO_WritePin
HAL_UART_Transmit
